2022.03.14 13:38:58 INFO  tracing is disabled for protocol LSP, to enable tracing of incoming and outgoing JSON messages create an empty file at /home/us62/2-github/aoc/AdventOfCode-2021/.metals/lsp.trace.json or /home/us62/.cache/metals/lsp.trace.json[0m
2022.03.14 13:38:58 INFO  logging to file /home/us62/2-github/aoc/AdventOfCode-2021/.metals/metals.log[0m
2022.03.14 13:38:58 INFO  Started: Metals version 0.11.1 in workspace '/home/us62/2-github/aoc/AdventOfCode-2021' for client Neovim 0.6.0.[0m
2022.03.14 13:38:58 INFO  Parse release: 11.0.11[0m
2022.03.14 13:39:00 INFO  time: initialize in 2.24s[0m
2022.03.14 13:39:01 WARN  Build server is not auto-connectable.[0m
2022.03.14 13:39:01 WARN  no build target for: /home/us62/2-github/aoc/AdventOfCode-2021/src/main/scala/adventofcode/solutions/Day01.scala[0m
2022.03.14 13:39:04 INFO  no build target found for /home/us62/2-github/aoc/AdventOfCode-2021/src/main/scala/adventofcode/solutions/Day01.scala. Using presentation compiler with project's scala-library version: 3.1.0[0m
2022.03.14 13:39:05 INFO  running '/usr/lib/jvm/java-11-openjdk-amd64/bin/java -Djline.terminal=jline.UnsupportedTerminal -Dsbt.log.noformat=true -Dfile.encoding=UTF-8 -jar /tmp/metals1750029989571802210/sbt-launch.jar -Dbloop.export-jar-classifiers=sources bloopInstall'[0m
2022.03.14 13:39:05 ERROR [info] [launcher] getting org.scala-sbt sbt 1.3.3  (this may take some time)...[0m
2022.03.14 13:39:19 ERROR downloading https://repo1.maven.org/maven2/org/scala-sbt/sbt/1.3.3/sbt-1.3.3.jar ...[0m
2022.03.14 13:39:19 ERROR downloading https://repo1.maven.org/maven2/org/scala-sbt/main_2.12/1.3.3/main_2.12-1.3.3.jar ...[0m
2022.03.14 13:39:19 ERROR downloading https://repo1.maven.org/maven2/org/scala-sbt/io_2.12/1.3.1/io_2.12-1.3.1.jar ...[0m
2022.03.14 13:39:19 ERROR downloading https://repo1.maven.org/maven2/org/scala-sbt/actions_2.12/1.3.3/actions_2.12-1.3.3.jar ...[0m
2022.03.14 13:39:19 ERROR downloading https://repo1.maven.org/maven2/org/scala-sbt/logic_2.12/1.3.3/logic_2.12-1.3.3.jar ...[0m
2022.03.14 13:39:19 ERROR downloading https://repo1.maven.org/maven2/org/scala-sbt/run_2.12/1.3.3/run_2.12-1.3.3.jar ...[0m
2022.03.14 13:39:19 ERROR downloading https://repo1.maven.org/maven2/org/scala-sbt/main-settings_2.12/1.3.3/main-settings_2.12-1.3.3.jar ...[0m
2022.03.14 13:39:19 ERROR :: loading settings :: url = jar:file:/tmp/metals1750029989571802210/sbt-launch.jar!/org/apache/ivy/core/settings/ivysettings.xml[0m
2022.03.14 13:39:19 ERROR :: loading settings :: url = jar:file:/tmp/metals1750029989571802210/sbt-launch.jar!/org/apache/ivy/core/settings/ivysettings.xml[0m
2022.03.14 13:39:19 ERROR :: loading settings :: url = jar:file:/tmp/metals1750029989571802210/sbt-launch.jar!/org/apache/ivy/core/settings/ivysettings.xml[0m
2022.03.14 13:39:19 ERROR :: loading settings :: url = jar:file:/tmp/metals1750029989571802210/sbt-launch.jar!/org/apache/ivy/core/settings/ivysettings.xml[0m
2022.03.14 13:39:19 ERROR :: loading settings :: url = jar:file:/tmp/metals1750029989571802210/sbt-launch.jar!/org/apache/ivy/core/settings/ivysettings.xml[0m
2022.03.14 13:39:19 ERROR :: loading settings :: url = jar:file:/tmp/metals1750029989571802210/sbt-launch.jar!/org/apache/ivy/core/settings/ivysettings.xml[0m
2022.03.14 13:39:19 ERROR :: loading settings :: url = jar:file:/tmp/metals1750029989571802210/sbt-launch.jar!/org/apache/ivy/core/settings/ivysettings.xml[0m
2022.03.14 13:39:19 ERROR :: loading settings :: url = jar:file:/tmp/metals1750029989571802210/sbt-launch.jar!/org/apache/ivy/core/settings/ivysettings.xml[0m
2022.03.14 13:39:19 ERROR downloading https://repo1.maven.org/maven2/org/scala-sbt/command_2.12/1.3.3/command_2.12-1.3.3.jar ...[0m
2022.03.14 13:39:19 ERROR 	[SUCCESSFUL ] org.scala-sbt#sbt;1.3.3!sbt.jar (282ms)[0m
2022.03.14 13:39:19 ERROR downloading https://repo1.maven.org/maven2/org/scala-sbt/collections_2.12/1.3.3/collections_2.12-1.3.3.jar ...[0m
2022.03.14 13:39:19 ERROR 	[SUCCESSFUL ] org.scala-sbt#logic_2.12;1.3.3!logic_2.12.jar (304ms)[0m
2022.03.14 13:39:19 ERROR downloading https://repo1.maven.org/maven2/org/scala-sbt/scripted-sbt-redux_2.12/1.3.3/scripted-sbt-redux_2.12-1.3.3.jar ...[0m
2022.03.14 13:39:19 ERROR 	[SUCCESSFUL ] org.scala-sbt#run_2.12;1.3.3!run_2.12.jar (311ms)[0m
2022.03.14 13:39:19 ERROR downloading https://repo1.maven.org/maven2/org/scala-sbt/scripted-plugin_2.12/1.3.3/scripted-plugin_2.12-1.3.3.jar ...[0m
2022.03.14 13:39:19 ERROR 	[SUCCESSFUL ] org.scala-sbt#actions_2.12;1.3.3!actions_2.12.jar (393ms)[0m
2022.03.14 13:39:19 ERROR downloading https://repo1.maven.org/maven2/org/scala-sbt/zinc-lm-integration_2.12/1.3.3/zinc-lm-integration_2.12-1.3.3.jar ...[0m
2022.03.14 13:39:19 ERROR 	[SUCCESSFUL ] org.scala-sbt#command_2.12;1.3.3!command_2.12.jar (368ms)[0m
2022.03.14 13:39:19 ERROR downloading https://repo1.maven.org/maven2/io/get-coursier/lm-coursier-shaded_2.12/2.0.0-RC3-4/lm-coursier-shaded_2.12-2.0.0-RC3-4.jar ...[0m
2022.03.14 13:39:19 ERROR 	[SUCCESSFUL ] org.scala-sbt#io_2.12;1.3.1!io_2.12.jar (453ms)[0m
2022.03.14 13:39:19 ERROR downloading https://repo1.maven.org/maven2/org/scala-sbt/util-logging_2.12/1.3.2/util-logging_2.12-1.3.2.jar ...[0m
2022.03.14 13:39:19 ERROR 	[SUCCESSFUL ] org.scala-sbt#scripted-sbt-redux_2.12;1.3.3!scripted-sbt-redux_2.12.jar (178ms)[0m
2022.03.14 13:39:19 ERROR downloading https://repo1.maven.org/maven2/org/scala-sbt/librarymanagement-core_2.12/1.3.0/librarymanagement-core_2.12-1.3.0.jar ...[0m
2022.03.14 13:39:19 ERROR 	[SUCCESSFUL ] org.scala-sbt#collections_2.12;1.3.3!collections_2.12.jar (205ms)[0m
2022.03.14 13:39:19 ERROR downloading https://repo1.maven.org/maven2/org/scala-sbt/librarymanagement-ivy_2.12/1.3.0/librarymanagement-ivy_2.12-1.3.0.jar ...[0m
2022.03.14 13:39:19 ERROR 	[SUCCESSFUL ] org.scala-sbt#main-settings_2.12;1.3.3!main-settings_2.12.jar (498ms)[0m
2022.03.14 13:39:19 ERROR downloading https://repo1.maven.org/maven2/org/scala-sbt/compiler-interface/1.3.1/compiler-interface-1.3.1.jar ...[0m
2022.03.14 13:39:19 ERROR 	[SUCCESSFUL ] org.scala-sbt#scripted-plugin_2.12;1.3.3!scripted-plugin_2.12.jar (200ms)[0m
2022.03.14 13:39:19 ERROR downloading https://repo1.maven.org/maven2/org/scala-sbt/zinc-compile_2.12/1.3.1/zinc-compile_2.12-1.3.1.jar ...[0m
2022.03.14 13:39:19 ERROR 	[SUCCESSFUL ] org.scala-sbt#zinc-lm-integration_2.12;1.3.3!zinc-lm-integration_2.12.jar (180ms)[0m
2022.03.14 13:39:19 ERROR downloading https://repo1.maven.org/maven2/org/scala-sbt/util-relation_2.12/1.3.2/util-relation_2.12-1.3.2.jar ...[0m
2022.03.14 13:39:19 ERROR 	[SUCCESSFUL ] org.scala-sbt#compiler-interface;1.3.1!compiler-interface.jar (97ms)[0m
2022.03.14 13:39:19 ERROR downloading https://repo1.maven.org/maven2/com/eed3si9n/sjson-new-scalajson_2.12/0.8.2/sjson-new-scalajson_2.12-0.8.2.jar ...[0m
2022.03.14 13:39:19 ERROR 	[SUCCESSFUL ] org.scala-sbt#main_2.12;1.3.3!main_2.12.jar (649ms)[0m
2022.03.14 13:39:19 ERROR downloading https://repo1.maven.org/maven2/org/scala-sbt/util-position_2.12/1.3.2/util-position_2.12-1.3.2.jar ...[0m
2022.03.14 13:39:19 ERROR 	[SUCCESSFUL ] org.scala-sbt#librarymanagement-ivy_2.12;1.3.0!librarymanagement-ivy_2.12.jar (164ms)[0m
2022.03.14 13:39:19 ERROR downloading https://repo1.maven.org/maven2/org/scala-sbt/completion_2.12/1.3.3/completion_2.12-1.3.3.jar ...[0m
2022.03.14 13:39:19 ERROR 	[SUCCESSFUL ] org.scala-sbt#zinc-compile_2.12;1.3.1!zinc-compile_2.12.jar (223ms)[0m
2022.03.14 13:39:19 ERROR downloading https://repo1.maven.org/maven2/org/scala-sbt/task-system_2.12/1.3.3/task-system_2.12-1.3.3.jar ...[0m
2022.03.14 13:39:19 ERROR 	[SUCCESSFUL ] org.scala-sbt#util-logging_2.12;1.3.2!util-logging_2.12.jar (283ms)[0m
2022.03.14 13:39:19 ERROR downloading https://repo1.maven.org/maven2/org/scala-sbt/tasks_2.12/1.3.3/tasks_2.12-1.3.3.jar ...[0m
2022.03.14 13:39:19 ERROR 	[SUCCESSFUL ] com.eed3si9n#sjson-new-scalajson_2.12;0.8.2!sjson-new-scalajson_2.12.jar (159ms)[0m
2022.03.14 13:39:19 ERROR downloading https://repo1.maven.org/maven2/org/scala-sbt/testing_2.12/1.3.3/testing_2.12-1.3.3.jar ...[0m
2022.03.14 13:39:19 ERROR 	[SUCCESSFUL ] org.scala-sbt#util-relation_2.12;1.3.2!util-relation_2.12.jar (199ms)[0m
2022.03.14 13:39:19 ERROR downloading https://repo1.maven.org/maven2/org/scala-sbt/util-tracking_2.12/1.3.2/util-tracking_2.12-1.3.2.jar ...[0m
2022.03.14 13:39:19 ERROR 	[SUCCESSFUL ] org.scala-sbt#librarymanagement-core_2.12;1.3.0!librarymanagement-core_2.12.jar (301ms)[0m
2022.03.14 13:39:19 ERROR downloading https://repo1.maven.org/maven2/org/scala-sbt/zinc-classpath_2.12/1.3.1/zinc-classpath_2.12-1.3.1.jar ...[0m
2022.03.14 13:39:19 ERROR 	[SUCCESSFUL ] org.scala-sbt#util-position_2.12;1.3.2!util-position_2.12.jar (167ms)[0m
2022.03.14 13:39:19 ERROR downloading https://repo1.maven.org/maven2/org/scala-sbt/zinc-apiinfo_2.12/1.3.1/zinc-apiinfo_2.12-1.3.1.jar ...[0m
2022.03.14 13:39:19 ERROR 	[SUCCESSFUL ] org.scala-sbt#completion_2.12;1.3.3!completion_2.12.jar (237ms)[0m
2022.03.14 13:39:19 ERROR downloading https://repo1.maven.org/maven2/org/scala-sbt/zinc_2.12/1.3.1/zinc_2.12-1.3.1.jar ...[0m
2022.03.14 13:39:19 ERROR 	[SUCCESSFUL ] org.scala-sbt#tasks_2.12;1.3.3!tasks_2.12.jar (168ms)[0m
2022.03.14 13:39:19 ERROR downloading https://repo1.maven.org/maven2/org/scala-sbt/util-control_2.12/1.3.2/util-control_2.12-1.3.2.jar ...[0m
2022.03.14 13:39:19 ERROR 	[SUCCESSFUL ] org.scala-sbt#task-system_2.12;1.3.3!task-system_2.12.jar (172ms)[0m
2022.03.14 13:39:19 ERROR downloading https://repo1.maven.org/maven2/org/scala-sbt/util-interface/1.3.2/util-interface-1.3.2.jar ...[0m
2022.03.14 13:39:19 ERROR 	[SUCCESSFUL ] org.scala-sbt#zinc-apiinfo_2.12;1.3.1!zinc-apiinfo_2.12.jar (98ms)[0m
2022.03.14 13:39:19 ERROR downloading https://repo1.maven.org/maven2/org/scala-sbt/util-cache_2.12/1.3.2/util-cache_2.12-1.3.2.jar ...[0m
2022.03.14 13:39:19 ERROR 	[SUCCESSFUL ] org.scala-sbt#util-tracking_2.12;1.3.2!util-tracking_2.12.jar (152ms)[0m
2022.03.14 13:39:19 ERROR downloading https://repo1.maven.org/maven2/org/scala-sbt/test-agent/1.3.3/test-agent-1.3.3.jar ...[0m
2022.03.14 13:39:19 ERROR 	[SUCCESSFUL ] org.scala-sbt#testing_2.12;1.3.3!testing_2.12.jar (183ms)[0m
2022.03.14 13:39:19 ERROR downloading https://repo1.maven.org/maven2/org/scala-sbt/compiler-bridge_2.12/1.3.1/compiler-bridge_2.12-1.3.1.jar ...[0m
2022.03.14 13:39:19 ERROR 	[SUCCESSFUL ] org.scala-sbt#zinc_2.12;1.3.1!zinc_2.12.jar (86ms)[0m
2022.03.14 13:39:19 ERROR 	[SUCCESSFUL ] org.scala-sbt#zinc-classpath_2.12;1.3.1!zinc-classpath_2.12.jar (190ms)[0m
2022.03.14 13:39:19 ERROR downloading https://repo1.maven.org/maven2/org/scala-sbt/zinc-classfile_2.12/1.3.1/zinc-classfile_2.12-1.3.1.jar ...[0m
2022.03.14 13:39:19 ERROR downloading https://repo1.maven.org/maven2/org/scala-sbt/zinc-core_2.12/1.3.1/zinc-core_2.12-1.3.1.jar ...[0m
2022.03.14 13:39:20 ERROR 	[SUCCESSFUL ] org.scala-sbt#util-interface;1.3.2!util-interface.jar (171ms)[0m
2022.03.14 13:39:20 ERROR downloading https://repo1.maven.org/maven2/org/scala-sbt/zinc-persist_2.12/1.3.1/zinc-persist_2.12-1.3.1.jar ...[0m
2022.03.14 13:39:20 ERROR 	[SUCCESSFUL ] org.scala-sbt#util-control_2.12;1.3.2!util-control_2.12.jar (189ms)[0m
2022.03.14 13:39:20 ERROR downloading https://repo1.maven.org/maven2/org/scala-sbt/zinc-compile-core_2.12/1.3.1/zinc-compile-core_2.12-1.3.1.jar ...[0m
2022.03.14 13:39:20 ERROR 	[SUCCESSFUL ] org.scala-sbt#test-agent;1.3.3!test-agent.jar (185ms)[0m
2022.03.14 13:39:20 ERROR 	[SUCCESSFUL ] org.scala-sbt#util-cache_2.12;1.3.2!util-cache_2.12.jar (195ms)[0m
2022.03.14 13:39:20 ERROR 	[SUCCESSFUL ] org.scala-sbt#compiler-bridge_2.12;1.3.1!compiler-bridge_2.12.jar (168ms)[0m
2022.03.14 13:39:20 ERROR downloading https://repo1.maven.org/maven2/org/scala-sbt/core-macros_2.12/1.3.3/core-macros_2.12-1.3.3.jar ...[0m
2022.03.14 13:39:20 ERROR downloading https://repo1.maven.org/maven2/org/scala-sbt/protocol_2.12/1.3.3/protocol_2.12-1.3.3.jar ...[0m
2022.03.14 13:39:20 ERROR downloading https://repo1.maven.org/maven2/org/scala-sbt/ipcsocket/ipcsocket/1.0.0/ipcsocket-1.0.0.jar ...[0m
2022.03.14 13:39:20 ERROR 	[SUCCESSFUL ] org.scala-sbt#zinc-classfile_2.12;1.3.1!zinc-classfile_2.12.jar (163ms)[0m
2022.03.14 13:39:20 ERROR downloading https://repo1.maven.org/maven2/org/scala-sbt/util-scripted_2.12/1.3.2/util-scripted_2.12-1.3.2.jar ...[0m
2022.03.14 13:39:20 ERROR 	[SUCCESSFUL ] org.scala-sbt.ipcsocket#ipcsocket;1.0.0!ipcsocket.jar (84ms)[0m
2022.03.14 13:39:20 ERROR 	[SUCCESSFUL ] org.scala-sbt#zinc-compile-core_2.12;1.3.1!zinc-compile-core_2.12.jar (105ms)[0m
2022.03.14 13:39:20 ERROR downloading https://repo1.maven.org/maven2/org/scala-sbt/ivy/ivy/2.3.0-sbt-cb9cc189e9f3af519f9f102e6c5d446488ff6832/ivy-2.3.0-sbt-cb9cc189e9f3af519f9f102e6c5d446488ff6832.jar ...[0m
2022.03.14 13:39:20 ERROR 	[SUCCESSFUL ] org.scala-sbt#zinc-core_2.12;1.3.1!zinc-core_2.12.jar (226ms)[0m
2022.03.14 13:39:20 ERROR 	[SUCCESSFUL ] org.scala-sbt#core-macros_2.12;1.3.3!core-macros_2.12.jar (189ms)[0m
2022.03.14 13:39:20 ERROR 	[SUCCESSFUL ] org.scala-sbt#util-scripted_2.12;1.3.2!util-scripted_2.12.jar (167ms)[0m
2022.03.14 13:39:20 ERROR 	[SUCCESSFUL ] org.scala-sbt#protocol_2.12;1.3.3!protocol_2.12.jar (201ms)[0m
2022.03.14 13:39:20 ERROR 	[SUCCESSFUL ] io.get-coursier#lm-coursier-shaded_2.12;2.0.0-RC3-4!lm-coursier-shaded_2.12.jar (926ms)[0m
2022.03.14 13:39:20 ERROR 	[SUCCESSFUL ] org.scala-sbt.ivy#ivy;2.3.0-sbt-cb9cc189e9f3af519f9f102e6c5d446488ff6832!ivy.jar (142ms)[0m
2022.03.14 13:39:20 ERROR 	[SUCCESSFUL ] org.scala-sbt#zinc-persist_2.12;1.3.1!zinc-persist_2.12.jar (394ms)[0m
2022.03.14 13:39:20 ERROR :: retrieving :: org.scala-sbt#boot-app[0m
2022.03.14 13:39:20 ERROR 	confs: [default][0m
2022.03.14 13:39:20 ERROR 	81 artifacts copied, 0 already retrieved[0m
2022.03.14 13:39:25 INFO  [info] Loading settings for project adventofcode-2021-build-build from metals.sbt ...[0m
2022.03.14 13:39:25 WARN  no build target for: /home/us62/2-github/aoc/AdventOfCode-2021/src/main/scala/adventofcode/Day.scala[0m
2022.03.14 13:39:25 INFO  [info] Loading project definition from /home/us62/2-github/aoc/AdventOfCode-2021/project/project[0m
2022.03.14 13:39:30 INFO  [info] Loading settings for project adventofcode-2021-build from metals.sbt ...[0m
2022.03.14 13:39:30 INFO  [info] Loading project definition from /home/us62/2-github/aoc/AdventOfCode-2021/project[0m
2022.03.14 13:39:32 INFO  [success] Generated .bloop/adventofcode-2021-build.json[0m
2022.03.14 13:39:32 INFO  [success] Total time: 3 s, completed Mar 14, 2022, 1:39:33 PM[0m
2022.03.14 13:39:35 INFO  [info] Loading settings for project root from build.sbt ...[0m
2022.03.14 13:39:35 INFO  [info] Set current project to AdventOfCode-2019 (in build file:/home/us62/2-github/aoc/AdventOfCode-2021/)[0m
2022.03.14 13:39:35 INFO  [success] Generated .bloop/root.json[0m
2022.03.14 13:39:35 INFO  [success] Generated .bloop/root-test.json[0m
2022.03.14 13:39:35 INFO  [success] Total time: 0 s, completed Mar 14, 2022, 1:39:36 PM[0m
2022.03.14 13:39:36 INFO  time: ran 'sbt bloopInstall' in 30s[0m
2022.03.14 13:39:36 INFO  Attempting to connect to the build server...[0m
2022.03.14 13:39:38 INFO  tracing is disabled for protocol BSP, to enable tracing of incoming and outgoing JSON messages create an empty file at /home/us62/2-github/aoc/AdventOfCode-2021/.metals/bsp.trace.json or /home/us62/.cache/metals/bsp.trace.json[0m
2022.03.14 13:39:38 INFO  Attempting to connect to the build server...[0m
2022.03.14 13:39:38 INFO  tracing is disabled for protocol BSP, to enable tracing of incoming and outgoing JSON messages create an empty file at /home/us62/2-github/aoc/AdventOfCode-2021/project/.metals/bsp.trace.json or /home/us62/.cache/metals/bsp.trace.json[0m
2022.03.14 13:39:41 INFO  time: Connected to build server in 5.26s[0m
2022.03.14 13:39:41 INFO  Connected to Build server: Bloop v1.4.12[0m
2022.03.14 13:39:41 INFO  time: Imported build in 0.11s[0m
2022.03.14 13:39:44 WARN  Could not find java sources in None. Java symbols will not be available.[0m
2022.03.14 13:39:46 INFO  time: indexed workspace in 5.16s[0m
2022.03.14 13:39:47 INFO  compiling root (2 scala sources)[0m
2022.03.14 13:39:54 INFO  time: compiled root in 6.95s[0m
2022.03.14 13:42:39 INFO  compiling root (1 scala source)[0m
2022.03.14 13:42:39 INFO  time: compiled root in 0.26s[0m
2022.03.14 13:43:36 INFO  shutting down Metals[0m
2022.03.14 22:14:28 INFO  tracing is disabled for protocol LSP, to enable tracing of incoming and outgoing JSON messages create an empty file at /home/us62/2-github/aoc/AdventOfCode-2021/.metals/lsp.trace.json or /home/us62/.cache/metals/lsp.trace.json[0m
2022.03.14 22:14:31 INFO  logging to file /home/us62/2-github/aoc/AdventOfCode-2021/.metals/metals.log[0m
2022.03.14 22:14:31 INFO  Started: Metals version 0.11.1 in workspace '/home/us62/2-github/aoc/AdventOfCode-2021' for client Neovim 0.6.0.[0m
2022.03.14 22:14:31 INFO  Parse release: 11.0.11[0m
2022.03.14 22:14:38 INFO  time: initialize in 7.51s[0m
2022.03.14 22:14:44 INFO  Attempting to connect to the build server...[0m
2022.03.14 22:14:45 INFO  skipping build import with status 'Installed'[0m
2022.03.14 22:14:56 INFO  tracing is disabled for protocol BSP, to enable tracing of incoming and outgoing JSON messages create an empty file at /home/us62/2-github/aoc/AdventOfCode-2021/.metals/bsp.trace.json or /home/us62/.cache/metals/bsp.trace.json[0m
2022.03.14 22:14:58 INFO  Attempting to connect to the build server...[0m
2022.03.14 22:14:58 INFO  tracing is disabled for protocol BSP, to enable tracing of incoming and outgoing JSON messages create an empty file at /home/us62/2-github/aoc/AdventOfCode-2021/project/.metals/bsp.trace.json or /home/us62/.cache/metals/bsp.trace.json[0m
2022.03.14 22:14:58 INFO  time: Connected to build server in 14s[0m
2022.03.14 22:14:58 INFO  Connected to Build server: Bloop v1.4.12[0m
2022.03.14 22:14:59 INFO  time: Imported build in 0.25s[0m
2022.03.14 22:15:23 WARN  Could not find java sources in None. Java symbols will not be available.[0m
2022.03.14 22:15:26 INFO  time: indexed workspace in 27s[0m
2022.03.14 22:15:30 INFO  compiling root (1 scala source)[0m
2022.03.14 22:15:38 INFO  compiling root (1 scala source)[0m
2022.03.14 22:16:13 INFO  time: compiled root in 34s[0m
2022.03.14 22:16:13 WARN  Could not load snapshot text for /home/us62/2-github/aoc/AdventOfCode-2021/src/main/scala/adventofcode/solutions/Day01.scala[0m
2022.03.14 22:16:13 WARN  Could not load snapshot text for /home/us62/2-github/aoc/AdventOfCode-2021/src/main/scala/adventofcode/solutions/Day01.scala[0m
2022.03.14 22:16:13 WARN  Could not load snapshot text for /home/us62/2-github/aoc/AdventOfCode-2021/src/main/scala/adventofcode/solutions/Day01.scala[0m
2022.03.14 22:16:13 WARN  Could not load snapshot text for /home/us62/2-github/aoc/AdventOfCode-2021/src/main/scala/adventofcode/solutions/Day01.scala[0m
2022.03.14 22:16:13 WARN  Could not load snapshot text for /home/us62/2-github/aoc/AdventOfCode-2021/src/main/scala/adventofcode/solutions/Day01.scala[0m
2022.03.14 22:16:13 WARN  Could not load snapshot text for /home/us62/2-github/aoc/AdventOfCode-2021/src/main/scala/adventofcode/solutions/Day01.scala[0m
2022.03.14 22:16:13 WARN  Could not load snapshot text for /home/us62/2-github/aoc/AdventOfCode-2021/src/main/scala/adventofcode/solutions/Day01.scala[0m
2022.03.14 22:16:13 WARN  Could not load snapshot text for /home/us62/2-github/aoc/AdventOfCode-2021/src/main/scala/adventofcode/solutions/Day01.scala[0m
2022.03.14 22:16:13 WARN  Could not load snapshot text for /home/us62/2-github/aoc/AdventOfCode-2021/src/main/scala/adventofcode/solutions/Day01.scala[0m
2022.03.14 22:16:13 WARN  Could not load snapshot text for /home/us62/2-github/aoc/AdventOfCode-2021/src/main/scala/adventofcode/solutions/Day01.scala[0m
2022.03.14 22:16:13 INFO  compiling root (1 scala source)[0m
2022.03.14 22:16:13 WARN  Could not load snapshot text for /home/us62/2-github/aoc/AdventOfCode-2021/src/main/scala/adventofcode/solutions/Day01.scala[0m
2022.03.14 22:16:13 WARN  Could not load snapshot text for /home/us62/2-github/aoc/AdventOfCode-2021/src/main/scala/adventofcode/solutions/Day01.scala[0m
2022.03.14 22:16:13 WARN  Could not load snapshot text for /home/us62/2-github/aoc/AdventOfCode-2021/src/main/scala/adventofcode/solutions/Day01.scala[0m
2022.03.14 22:16:13 WARN  Could not load snapshot text for /home/us62/2-github/aoc/AdventOfCode-2021/src/main/scala/adventofcode/solutions/Day01.scala[0m
2022.03.14 22:16:13 WARN  Could not load snapshot text for /home/us62/2-github/aoc/AdventOfCode-2021/src/main/scala/adventofcode/solutions/Day01.scala[0m
2022.03.14 22:16:13 WARN  Could not load snapshot text for /home/us62/2-github/aoc/AdventOfCode-2021/src/main/scala/adventofcode/solutions/Day01.scala[0m
2022.03.14 22:16:13 WARN  Could not load snapshot text for /home/us62/2-github/aoc/AdventOfCode-2021/src/main/scala/adventofcode/solutions/Day01.scala[0m
2022.03.14 22:16:13 WARN  Could not load snapshot text for /home/us62/2-github/aoc/AdventOfCode-2021/src/main/scala/adventofcode/solutions/Day01.scala[0m
2022.03.14 22:16:13 WARN  Could not load snapshot text for /home/us62/2-github/aoc/AdventOfCode-2021/src/main/scala/adventofcode/solutions/Day01.scala[0m
2022.03.14 22:16:13 WARN  Could not load snapshot text for /home/us62/2-github/aoc/AdventOfCode-2021/src/main/scala/adventofcode/solutions/Day01.scala[0m
2022.03.14 22:16:13 WARN  Could not load snapshot text for /home/us62/2-github/aoc/AdventOfCode-2021/src/main/scala/adventofcode/solutions/Day01.scala[0m
2022.03.14 22:16:13 WARN  Could not load snapshot text for /home/us62/2-github/aoc/AdventOfCode-2021/src/main/scala/adventofcode/solutions/Day01.scala[0m
2022.03.14 22:16:13 WARN  Could not load snapshot text for /home/us62/2-github/aoc/AdventOfCode-2021/src/main/scala/adventofcode/solutions/Day01.scala[0m
2022.03.14 22:16:13 WARN  Could not load snapshot text for /home/us62/2-github/aoc/AdventOfCode-2021/src/main/scala/adventofcode/solutions/Day01.scala[0m
2022.03.14 22:16:13 WARN  Could not load snapshot text for /home/us62/2-github/aoc/AdventOfCode-2021/src/main/scala/adventofcode/solutions/Day01.scala[0m
2022.03.14 22:16:13 WARN  Could not load snapshot text for /home/us62/2-github/aoc/AdventOfCode-2021/src/main/scala/adventofcode/solutions/Day01.scala[0m
2022.03.14 22:16:13 WARN  Could not load snapshot text for /home/us62/2-github/aoc/AdventOfCode-2021/src/main/scala/adventofcode/solutions/Day01.scala[0m
2022.03.14 22:16:13 WARN  Could not load snapshot text for /home/us62/2-github/aoc/AdventOfCode-2021/src/main/scala/adventofcode/solutions/Day01.scala[0m
2022.03.14 22:16:13 WARN  Could not load snapshot text for /home/us62/2-github/aoc/AdventOfCode-2021/src/main/scala/adventofcode/solutions/Day01.scala[0m
2022.03.14 22:16:13 WARN  Could not load snapshot text for /home/us62/2-github/aoc/AdventOfCode-2021/src/main/scala/adventofcode/solutions/Day01.scala[0m
2022.03.14 22:16:13 WARN  Could not load snapshot text for /home/us62/2-github/aoc/AdventOfCode-2021/src/main/scala/adventofcode/solutions/Day01.scala[0m
2022.03.14 22:16:13 WARN  Could not load snapshot text for /home/us62/2-github/aoc/AdventOfCode-2021/src/main/scala/adventofcode/solutions/Day01.scala[0m
2022.03.14 22:16:13 WARN  Could not load snapshot text for /home/us62/2-github/aoc/AdventOfCode-2021/src/main/scala/adventofcode/solutions/Day01.scala[0m
2022.03.14 22:16:13 WARN  Could not load snapshot text for /home/us62/2-github/aoc/AdventOfCode-2021/src/main/scala/adventofcode/solutions/Day01.scala[0m
2022.03.14 22:16:13 WARN  Could not load snapshot text for /home/us62/2-github/aoc/AdventOfCode-2021/src/main/scala/adventofcode/solutions/Day01.scala[0m
2022.03.14 22:16:13 WARN  Could not load snapshot text for /home/us62/2-github/aoc/AdventOfCode-2021/src/main/scala/adventofcode/solutions/Day01.scala[0m
2022.03.14 22:16:13 WARN  Could not load snapshot text for /home/us62/2-github/aoc/AdventOfCode-2021/src/main/scala/adventofcode/solutions/Day01.scala[0m
2022.03.14 22:16:13 WARN  Could not load snapshot text for /home/us62/2-github/aoc/AdventOfCode-2021/src/main/scala/adventofcode/solutions/Day01.scala[0m
2022.03.14 22:16:13 WARN  Could not load snapshot text for /home/us62/2-github/aoc/AdventOfCode-2021/src/main/scala/adventofcode/solutions/Day01.scala[0m
2022.03.14 22:16:13 WARN  Could not load snapshot text for /home/us62/2-github/aoc/AdventOfCode-2021/src/main/scala/adventofcode/solutions/Day01.scala[0m
2022.03.14 22:16:13 WARN  Could not load snapshot text for /home/us62/2-github/aoc/AdventOfCode-2021/src/main/scala/adventofcode/solutions/Day01.scala[0m
2022.03.14 22:16:13 WARN  Could not load snapshot text for /home/us62/2-github/aoc/AdventOfCode-2021/src/main/scala/adventofcode/solutions/Day01.scala[0m
2022.03.14 22:16:13 WARN  Could not load snapshot text for /home/us62/2-github/aoc/AdventOfCode-2021/src/main/scala/adventofcode/solutions/Day01.scala[0m
2022.03.14 22:16:13 INFO  time: compiled root in 0.52s[0m
2022.03.14 22:16:15 WARN  Could not load snapshot text for /home/us62/2-github/aoc/AdventOfCode-2021/src/main/scala/adventofcode/solutions/Day01.scala[0m
2022.03.14 22:16:15 WARN  Could not load snapshot text for /home/us62/2-github/aoc/AdventOfCode-2021/src/main/scala/adventofcode/solutions/Day01.scala[0m
2022.03.14 22:16:15 WARN  Could not load snapshot text for /home/us62/2-github/aoc/AdventOfCode-2021/src/main/scala/adventofcode/solutions/Day01.scala[0m
2022.03.14 22:16:19 WARN  Could not load snapshot text for /home/us62/2-github/aoc/AdventOfCode-2021/src/main/scala/adventofcode/solutions/Day01.scala[0m
2022.03.14 22:16:21 WARN  Could not load snapshot text for /home/us62/2-github/aoc/AdventOfCode-2021/src/main/scala/adventofcode/solutions/Day01.scala[0m
2022.03.14 22:16:21 WARN  Could not load snapshot text for /home/us62/2-github/aoc/AdventOfCode-2021/src/main/scala/adventofcode/solutions/Day01.scala[0m
2022.03.14 22:16:22 WARN  Could not load snapshot text for /home/us62/2-github/aoc/AdventOfCode-2021/src/main/scala/adventofcode/solutions/Day01.scala[0m
2022.03.14 22:16:23 WARN  Could not load snapshot text for /home/us62/2-github/aoc/AdventOfCode-2021/src/main/scala/adventofcode/solutions/Day01.scala[0m
2022.03.14 22:16:22 WARN  Could not load snapshot text for /home/us62/2-github/aoc/AdventOfCode-2021/src/main/scala/adventofcode/solutions/Day01.scala[0m
2022.03.14 22:16:28 WARN  Could not load snapshot text for /home/us62/2-github/aoc/AdventOfCode-2021/src/main/scala/adventofcode/solutions/Day01.scala[0m
2022.03.14 22:16:28 WARN  Could not load snapshot text for /home/us62/2-github/aoc/AdventOfCode-2021/src/main/scala/adventofcode/solutions/Day01.scala[0m
2022.03.14 22:16:30 WARN  Could not load snapshot text for /home/us62/2-github/aoc/AdventOfCode-2021/src/main/scala/adventofcode/solutions/Day01.scala[0m
2022.03.14 22:16:30 WARN  Could not load snapshot text for /home/us62/2-github/aoc/AdventOfCode-2021/src/main/scala/adventofcode/solutions/Day01.scala[0m
2022.03.14 22:16:31 WARN  Could not load snapshot text for /home/us62/2-github/aoc/AdventOfCode-2021/src/main/scala/adventofcode/solutions/Day01.scala[0m
2022.03.14 22:16:31 WARN  Could not load snapshot text for /home/us62/2-github/aoc/AdventOfCode-2021/src/main/scala/adventofcode/solutions/Day01.scala[0m
2022.03.14 22:16:31 WARN  Could not load snapshot text for /home/us62/2-github/aoc/AdventOfCode-2021/src/main/scala/adventofcode/solutions/Day01.scala[0m
2022.03.14 22:16:35 WARN  Could not load snapshot text for /home/us62/2-github/aoc/AdventOfCode-2021/src/main/scala/adventofcode/solutions/Day01.scala[0m
2022.03.14 22:16:36 WARN  Could not load snapshot text for /home/us62/2-github/aoc/AdventOfCode-2021/src/main/scala/adventofcode/solutions/Day01.scala[0m
2022.03.14 22:16:35 WARN  Could not load snapshot text for /home/us62/2-github/aoc/AdventOfCode-2021/src/main/scala/adventofcode/solutions/Day01.scala[0m
2022.03.14 22:16:35 WARN  Could not load snapshot text for /home/us62/2-github/aoc/AdventOfCode-2021/src/main/scala/adventofcode/solutions/Day01.scala[0m
2022.03.14 22:16:37 WARN  Could not load snapshot text for /home/us62/2-github/aoc/AdventOfCode-2021/src/main/scala/adventofcode/solutions/Day01.scala[0m
2022.03.14 22:16:37 WARN  Could not load snapshot text for /home/us62/2-github/aoc/AdventOfCode-2021/src/main/scala/adventofcode/solutions/Day01.scala[0m
2022.03.14 22:16:37 WARN  Could not load snapshot text for /home/us62/2-github/aoc/AdventOfCode-2021/src/main/scala/adventofcode/solutions/Day01.scala[0m
2022.03.14 22:16:38 WARN  Could not load snapshot text for /home/us62/2-github/aoc/AdventOfCode-2021/src/main/scala/adventofcode/solutions/Day01.scala[0m
2022.03.14 22:16:38 WARN  Could not load snapshot text for /home/us62/2-github/aoc/AdventOfCode-2021/src/main/scala/adventofcode/solutions/Day01.scala[0m
2022.03.14 22:16:38 WARN  Could not load snapshot text for /home/us62/2-github/aoc/AdventOfCode-2021/src/main/scala/adventofcode/solutions/Day01.scala[0m
2022.03.14 22:16:38 WARN  Could not load snapshot text for /home/us62/2-github/aoc/AdventOfCode-2021/src/main/scala/adventofcode/solutions/Day01.scala[0m
2022.03.14 22:16:41 INFO  compiling root (1 scala source)[0m
2022.03.14 22:16:41 INFO  time: compiled root in 0.34s[0m
2022.03.14 22:16:42 WARN  Could not load snapshot text for /home/us62/2-github/aoc/AdventOfCode-2021/src/main/scala/adventofcode/solutions/Day01.scala[0m
2022.03.14 22:16:53 WARN  Could not load snapshot text for /home/us62/2-github/aoc/AdventOfCode-2021/src/main/scala/adventofcode/solutions/Day01.scala[0m
2022.03.14 22:16:53 WARN  Could not load snapshot text for /home/us62/2-github/aoc/AdventOfCode-2021/src/main/scala/adventofcode/solutions/Day01.scala[0m
2022.03.14 22:16:53 WARN  Could not load snapshot text for /home/us62/2-github/aoc/AdventOfCode-2021/src/main/scala/adventofcode/solutions/Day01.scala[0m
2022.03.14 22:16:53 WARN  Could not load snapshot text for /home/us62/2-github/aoc/AdventOfCode-2021/src/main/scala/adventofcode/solutions/Day01.scala[0m
2022.03.14 22:16:53 WARN  Could not load snapshot text for /home/us62/2-github/aoc/AdventOfCode-2021/src/main/scala/adventofcode/solutions/Day01.scala[0m
2022.03.14 22:16:54 WARN  Could not load snapshot text for /home/us62/2-github/aoc/AdventOfCode-2021/src/main/scala/adventofcode/solutions/Day01.scala[0m
2022.03.14 22:16:55 INFO  compiling root (1 scala source)[0m
2022.03.14 22:16:55 INFO  time: compiled root in 0.33s[0m
2022.03.14 22:16:55 WARN  Could not load snapshot text for /home/us62/2-github/aoc/AdventOfCode-2021/src/main/scala/adventofcode/solutions/Day01.scala[0m
2022.03.14 22:17:02 INFO  compiling root (1 scala source)[0m
2022.03.14 22:17:02 INFO  time: compiled root in 0.57s[0m
2022.03.14 22:17:03 WARN  Could not load snapshot text for /home/us62/2-github/aoc/AdventOfCode-2021/src/main/scala/adventofcode/solutions/Day01.scala[0m
2022.03.14 22:17:27 WARN  Could not load snapshot text for /home/us62/2-github/aoc/AdventOfCode-2021/src/main/scala/adventofcode/solutions/Day01.scala[0m
2022.03.14 22:17:27 WARN  Could not load snapshot text for /home/us62/2-github/aoc/AdventOfCode-2021/src/main/scala/adventofcode/solutions/Day01.scala[0m
2022.03.14 22:17:28 WARN  Could not load snapshot text for /home/us62/2-github/aoc/AdventOfCode-2021/src/main/scala/adventofcode/solutions/Day01.scala[0m
2022.03.14 22:17:28 WARN  Could not load snapshot text for /home/us62/2-github/aoc/AdventOfCode-2021/src/main/scala/adventofcode/solutions/Day01.scala[0m
2022.03.14 22:17:30 WARN  Could not load snapshot text for /home/us62/2-github/aoc/AdventOfCode-2021/src/main/scala/adventofcode/solutions/Day01.scala[0m
2022.03.14 22:17:30 WARN  Could not load snapshot text for /home/us62/2-github/aoc/AdventOfCode-2021/src/main/scala/adventofcode/solutions/Day01.scala[0m
2022.03.14 22:17:30 WARN  Could not load snapshot text for /home/us62/2-github/aoc/AdventOfCode-2021/src/main/scala/adventofcode/solutions/Day01.scala[0m
2022.03.14 22:17:30 WARN  Could not load snapshot text for /home/us62/2-github/aoc/AdventOfCode-2021/src/main/scala/adventofcode/solutions/Day01.scala[0m
2022.03.14 22:17:31 WARN  Could not load snapshot text for /home/us62/2-github/aoc/AdventOfCode-2021/src/main/scala/adventofcode/solutions/Day01.scala[0m
2022.03.14 22:17:31 WARN  Could not load snapshot text for /home/us62/2-github/aoc/AdventOfCode-2021/src/main/scala/adventofcode/solutions/Day01.scala[0m
2022.03.14 22:17:31 WARN  Could not load snapshot text for /home/us62/2-github/aoc/AdventOfCode-2021/src/main/scala/adventofcode/solutions/Day01.scala[0m
2022.03.14 22:17:33 WARN  Could not load snapshot text for /home/us62/2-github/aoc/AdventOfCode-2021/src/main/scala/adventofcode/solutions/Day01.scala[0m
2022.03.14 22:17:33 WARN  Could not load snapshot text for /home/us62/2-github/aoc/AdventOfCode-2021/src/main/scala/adventofcode/solutions/Day01.scala[0m
2022.03.14 22:17:33 WARN  Could not load snapshot text for /home/us62/2-github/aoc/AdventOfCode-2021/src/main/scala/adventofcode/solutions/Day01.scala[0m
2022.03.14 22:17:33 WARN  Could not load snapshot text for /home/us62/2-github/aoc/AdventOfCode-2021/src/main/scala/adventofcode/solutions/Day01.scala[0m
2022.03.14 22:17:33 WARN  Could not load snapshot text for /home/us62/2-github/aoc/AdventOfCode-2021/src/main/scala/adventofcode/solutions/Day01.scala[0m
2022.03.14 22:17:33 WARN  Could not load snapshot text for /home/us62/2-github/aoc/AdventOfCode-2021/src/main/scala/adventofcode/solutions/Day01.scala[0m
2022.03.14 22:17:33 WARN  Could not load snapshot text for /home/us62/2-github/aoc/AdventOfCode-2021/src/main/scala/adventofcode/solutions/Day01.scala[0m
2022.03.14 22:17:33 WARN  Could not load snapshot text for /home/us62/2-github/aoc/AdventOfCode-2021/src/main/scala/adventofcode/solutions/Day01.scala[0m
2022.03.14 22:17:33 WARN  Could not load snapshot text for /home/us62/2-github/aoc/AdventOfCode-2021/src/main/scala/adventofcode/solutions/Day01.scala[0m
2022.03.14 22:17:33 WARN  Could not load snapshot text for /home/us62/2-github/aoc/AdventOfCode-2021/src/main/scala/adventofcode/solutions/Day01.scala[0m
2022.03.14 22:17:33 WARN  Could not load snapshot text for /home/us62/2-github/aoc/AdventOfCode-2021/src/main/scala/adventofcode/solutions/Day01.scala[0m
2022.03.14 22:17:33 WARN  Could not load snapshot text for /home/us62/2-github/aoc/AdventOfCode-2021/src/main/scala/adventofcode/solutions/Day01.scala[0m
2022.03.14 22:17:33 WARN  Could not load snapshot text for /home/us62/2-github/aoc/AdventOfCode-2021/src/main/scala/adventofcode/solutions/Day01.scala[0m
2022.03.14 22:17:33 WARN  Could not load snapshot text for /home/us62/2-github/aoc/AdventOfCode-2021/src/main/scala/adventofcode/solutions/Day01.scala[0m
2022.03.14 22:17:33 WARN  Could not load snapshot text for /home/us62/2-github/aoc/AdventOfCode-2021/src/main/scala/adventofcode/solutions/Day01.scala[0m
2022.03.14 22:17:33 WARN  Could not load snapshot text for /home/us62/2-github/aoc/AdventOfCode-2021/src/main/scala/adventofcode/solutions/Day01.scala[0m
2022.03.14 22:17:33 WARN  Could not load snapshot text for /home/us62/2-github/aoc/AdventOfCode-2021/src/main/scala/adventofcode/solutions/Day01.scala[0m
2022.03.14 22:17:33 WARN  Could not load snapshot text for /home/us62/2-github/aoc/AdventOfCode-2021/src/main/scala/adventofcode/solutions/Day01.scala[0m
2022.03.14 22:17:33 WARN  Could not load snapshot text for /home/us62/2-github/aoc/AdventOfCode-2021/src/main/scala/adventofcode/solutions/Day01.scala[0m
2022.03.14 22:17:33 WARN  Could not load snapshot text for /home/us62/2-github/aoc/AdventOfCode-2021/src/main/scala/adventofcode/solutions/Day01.scala[0m
2022.03.14 22:17:33 WARN  Could not load snapshot text for /home/us62/2-github/aoc/AdventOfCode-2021/src/main/scala/adventofcode/solutions/Day01.scala[0m
2022.03.14 22:17:33 WARN  Could not load snapshot text for /home/us62/2-github/aoc/AdventOfCode-2021/src/main/scala/adventofcode/solutions/Day01.scala[0m
2022.03.14 22:17:33 WARN  Could not load snapshot text for /home/us62/2-github/aoc/AdventOfCode-2021/src/main/scala/adventofcode/solutions/Day01.scala[0m
2022.03.14 22:17:33 WARN  Could not load snapshot text for /home/us62/2-github/aoc/AdventOfCode-2021/src/main/scala/adventofcode/solutions/Day01.scala[0m
2022.03.14 22:17:33 WARN  Could not load snapshot text for /home/us62/2-github/aoc/AdventOfCode-2021/src/main/scala/adventofcode/solutions/Day01.scala[0m
2022.03.14 22:17:33 WARN  Could not load snapshot text for /home/us62/2-github/aoc/AdventOfCode-2021/src/main/scala/adventofcode/solutions/Day01.scala[0m
2022.03.14 22:17:33 WARN  Could not load snapshot text for /home/us62/2-github/aoc/AdventOfCode-2021/src/main/scala/adventofcode/solutions/Day01.scala[0m
2022.03.14 22:17:33 WARN  Could not load snapshot text for /home/us62/2-github/aoc/AdventOfCode-2021/src/main/scala/adventofcode/solutions/Day01.scala[0m
2022.03.14 22:17:33 WARN  Could not load snapshot text for /home/us62/2-github/aoc/AdventOfCode-2021/src/main/scala/adventofcode/solutions/Day01.scala[0m
2022.03.14 22:17:33 WARN  Could not load snapshot text for /home/us62/2-github/aoc/AdventOfCode-2021/src/main/scala/adventofcode/solutions/Day01.scala[0m
2022.03.14 22:17:33 WARN  Could not load snapshot text for /home/us62/2-github/aoc/AdventOfCode-2021/src/main/scala/adventofcode/solutions/Day01.scala[0m
2022.03.14 22:17:33 WARN  Could not load snapshot text for /home/us62/2-github/aoc/AdventOfCode-2021/src/main/scala/adventofcode/solutions/Day01.scala[0m
2022.03.14 22:17:33 WARN  Could not load snapshot text for /home/us62/2-github/aoc/AdventOfCode-2021/src/main/scala/adventofcode/solutions/Day01.scala[0m
2022.03.14 22:17:33 WARN  Could not load snapshot text for /home/us62/2-github/aoc/AdventOfCode-2021/src/main/scala/adventofcode/solutions/Day01.scala[0m
2022.03.14 22:17:35 WARN  Could not load snapshot text for /home/us62/2-github/aoc/AdventOfCode-2021/src/main/scala/adventofcode/solutions/Day01.scala[0m
2022.03.14 22:17:35 WARN  Could not load snapshot text for /home/us62/2-github/aoc/AdventOfCode-2021/src/main/scala/adventofcode/solutions/Day01.scala[0m
2022.03.14 22:17:35 WARN  Could not load snapshot text for /home/us62/2-github/aoc/AdventOfCode-2021/src/main/scala/adventofcode/solutions/Day01.scala[0m
2022.03.14 22:17:35 WARN  Could not load snapshot text for /home/us62/2-github/aoc/AdventOfCode-2021/src/main/scala/adventofcode/solutions/Day01.scala[0m
2022.03.14 22:17:35 WARN  Could not load snapshot text for /home/us62/2-github/aoc/AdventOfCode-2021/src/main/scala/adventofcode/solutions/Day01.scala[0m
2022.03.14 22:17:35 WARN  Could not load snapshot text for /home/us62/2-github/aoc/AdventOfCode-2021/src/main/scala/adventofcode/solutions/Day01.scala[0m
2022.03.14 22:17:35 WARN  Could not load snapshot text for /home/us62/2-github/aoc/AdventOfCode-2021/src/main/scala/adventofcode/solutions/Day01.scala[0m
2022.03.14 22:17:35 WARN  Could not load snapshot text for /home/us62/2-github/aoc/AdventOfCode-2021/src/main/scala/adventofcode/solutions/Day01.scala[0m
2022.03.14 22:17:35 WARN  Could not load snapshot text for /home/us62/2-github/aoc/AdventOfCode-2021/src/main/scala/adventofcode/solutions/Day01.scala[0m
2022.03.14 22:17:35 WARN  Could not load snapshot text for /home/us62/2-github/aoc/AdventOfCode-2021/src/main/scala/adventofcode/solutions/Day01.scala[0m
2022.03.14 22:17:35 WARN  Could not load snapshot text for /home/us62/2-github/aoc/AdventOfCode-2021/src/main/scala/adventofcode/solutions/Day01.scala[0m
2022.03.14 22:17:35 WARN  Could not load snapshot text for /home/us62/2-github/aoc/AdventOfCode-2021/src/main/scala/adventofcode/solutions/Day01.scala[0m
2022.03.14 22:17:35 WARN  Could not load snapshot text for /home/us62/2-github/aoc/AdventOfCode-2021/src/main/scala/adventofcode/solutions/Day01.scala[0m
2022.03.14 22:17:35 WARN  Could not load snapshot text for /home/us62/2-github/aoc/AdventOfCode-2021/src/main/scala/adventofcode/solutions/Day01.scala[0m
2022.03.14 22:17:35 WARN  Could not load snapshot text for /home/us62/2-github/aoc/AdventOfCode-2021/src/main/scala/adventofcode/solutions/Day01.scala[0m
2022.03.14 22:17:35 WARN  Could not load snapshot text for /home/us62/2-github/aoc/AdventOfCode-2021/src/main/scala/adventofcode/solutions/Day01.scala[0m
2022.03.14 22:17:35 WARN  Could not load snapshot text for /home/us62/2-github/aoc/AdventOfCode-2021/src/main/scala/adventofcode/solutions/Day01.scala[0m
2022.03.14 22:17:35 WARN  Could not load snapshot text for /home/us62/2-github/aoc/AdventOfCode-2021/src/main/scala/adventofcode/solutions/Day01.scala[0m
2022.03.14 22:17:35 WARN  Could not load snapshot text for /home/us62/2-github/aoc/AdventOfCode-2021/src/main/scala/adventofcode/solutions/Day01.scala[0m
2022.03.14 22:17:35 WARN  Could not load snapshot text for /home/us62/2-github/aoc/AdventOfCode-2021/src/main/scala/adventofcode/solutions/Day01.scala[0m
2022.03.14 22:17:35 WARN  Could not load snapshot text for /home/us62/2-github/aoc/AdventOfCode-2021/src/main/scala/adventofcode/solutions/Day01.scala[0m
2022.03.14 22:17:35 WARN  Could not load snapshot text for /home/us62/2-github/aoc/AdventOfCode-2021/src/main/scala/adventofcode/solutions/Day01.scala[0m
2022.03.14 22:17:35 WARN  Could not load snapshot text for /home/us62/2-github/aoc/AdventOfCode-2021/src/main/scala/adventofcode/solutions/Day01.scala[0m
2022.03.14 22:17:35 WARN  Could not load snapshot text for /home/us62/2-github/aoc/AdventOfCode-2021/src/main/scala/adventofcode/solutions/Day01.scala[0m
2022.03.14 22:17:35 WARN  Could not load snapshot text for /home/us62/2-github/aoc/AdventOfCode-2021/src/main/scala/adventofcode/solutions/Day01.scala[0m
2022.03.14 22:17:35 WARN  Could not load snapshot text for /home/us62/2-github/aoc/AdventOfCode-2021/src/main/scala/adventofcode/solutions/Day01.scala[0m
2022.03.14 22:17:35 WARN  Could not load snapshot text for /home/us62/2-github/aoc/AdventOfCode-2021/src/main/scala/adventofcode/solutions/Day01.scala[0m
2022.03.14 22:17:35 WARN  Could not load snapshot text for /home/us62/2-github/aoc/AdventOfCode-2021/src/main/scala/adventofcode/solutions/Day01.scala[0m
2022.03.14 22:17:35 WARN  Could not load snapshot text for /home/us62/2-github/aoc/AdventOfCode-2021/src/main/scala/adventofcode/solutions/Day01.scala[0m
2022.03.14 22:17:35 WARN  Could not load snapshot text for /home/us62/2-github/aoc/AdventOfCode-2021/src/main/scala/adventofcode/solutions/Day01.scala[0m
2022.03.14 22:17:35 WARN  Could not load snapshot text for /home/us62/2-github/aoc/AdventOfCode-2021/src/main/scala/adventofcode/solutions/Day01.scala[0m
2022.03.14 22:17:35 WARN  Could not load snapshot text for /home/us62/2-github/aoc/AdventOfCode-2021/src/main/scala/adventofcode/solutions/Day01.scala[0m
2022.03.14 22:17:35 WARN  Could not load snapshot text for /home/us62/2-github/aoc/AdventOfCode-2021/src/main/scala/adventofcode/solutions/Day01.scala[0m
2022.03.14 22:17:35 WARN  Could not load snapshot text for /home/us62/2-github/aoc/AdventOfCode-2021/src/main/scala/adventofcode/solutions/Day01.scala[0m
2022.03.14 22:17:35 WARN  Could not load snapshot text for /home/us62/2-github/aoc/AdventOfCode-2021/src/main/scala/adventofcode/solutions/Day01.scala[0m
2022.03.14 22:17:35 WARN  Could not load snapshot text for /home/us62/2-github/aoc/AdventOfCode-2021/src/main/scala/adventofcode/solutions/Day01.scala[0m
2022.03.14 22:17:35 WARN  Could not load snapshot text for /home/us62/2-github/aoc/AdventOfCode-2021/src/main/scala/adventofcode/solutions/Day01.scala[0m
2022.03.14 22:17:35 WARN  Could not load snapshot text for /home/us62/2-github/aoc/AdventOfCode-2021/src/main/scala/adventofcode/solutions/Day01.scala[0m
2022.03.14 22:17:38 WARN  Could not load snapshot text for /home/us62/2-github/aoc/AdventOfCode-2021/src/main/scala/adventofcode/solutions/Day01.scala[0m
2022.03.14 22:17:38 WARN  Could not load snapshot text for /home/us62/2-github/aoc/AdventOfCode-2021/src/main/scala/adventofcode/solutions/Day01.scala[0m
2022.03.14 22:17:38 WARN  Could not load snapshot text for /home/us62/2-github/aoc/AdventOfCode-2021/src/main/scala/adventofcode/solutions/Day01.scala[0m
2022.03.14 22:17:45 WARN  Could not load snapshot text for /home/us62/2-github/aoc/AdventOfCode-2021/src/main/scala/adventofcode/solutions/Day01.scala[0m
2022.03.14 22:17:45 WARN  Could not load snapshot text for /home/us62/2-github/aoc/AdventOfCode-2021/src/main/scala/adventofcode/solutions/Day01.scala[0m
2022.03.14 22:17:45 WARN  Could not load snapshot text for /home/us62/2-github/aoc/AdventOfCode-2021/src/main/scala/adventofcode/solutions/Day01.scala[0m
2022.03.14 22:17:46 WARN  Could not load snapshot text for /home/us62/2-github/aoc/AdventOfCode-2021/src/main/scala/adventofcode/solutions/Day01.scala[0m
2022.03.14 22:17:48 WARN  Could not load snapshot text for /home/us62/2-github/aoc/AdventOfCode-2021/src/main/scala/adventofcode/solutions/Day01.scala[0m
2022.03.14 22:17:48 WARN  Could not load snapshot text for /home/us62/2-github/aoc/AdventOfCode-2021/src/main/scala/adventofcode/solutions/Day01.scala[0m
2022.03.14 22:17:48 WARN  Could not load snapshot text for /home/us62/2-github/aoc/AdventOfCode-2021/src/main/scala/adventofcode/solutions/Day01.scala[0m
2022.03.14 22:17:48 WARN  Could not load snapshot text for /home/us62/2-github/aoc/AdventOfCode-2021/src/main/scala/adventofcode/solutions/Day01.scala[0m
2022.03.14 22:17:48 WARN  Could not load snapshot text for /home/us62/2-github/aoc/AdventOfCode-2021/src/main/scala/adventofcode/solutions/Day01.scala[0m
2022.03.14 22:17:48 WARN  Could not load snapshot text for /home/us62/2-github/aoc/AdventOfCode-2021/src/main/scala/adventofcode/solutions/Day01.scala[0m
2022.03.14 22:17:48 WARN  Could not load snapshot text for /home/us62/2-github/aoc/AdventOfCode-2021/src/main/scala/adventofcode/solutions/Day01.scala[0m
2022.03.14 22:17:48 WARN  Could not load snapshot text for /home/us62/2-github/aoc/AdventOfCode-2021/src/main/scala/adventofcode/solutions/Day01.scala[0m
2022.03.14 22:17:48 WARN  Could not load snapshot text for /home/us62/2-github/aoc/AdventOfCode-2021/src/main/scala/adventofcode/solutions/Day01.scala[0m
2022.03.14 22:17:48 WARN  Could not load snapshot text for /home/us62/2-github/aoc/AdventOfCode-2021/src/main/scala/adventofcode/solutions/Day01.scala[0m
2022.03.14 22:17:48 WARN  Could not load snapshot text for /home/us62/2-github/aoc/AdventOfCode-2021/src/main/scala/adventofcode/solutions/Day01.scala[0m
2022.03.14 22:17:48 WARN  Could not load snapshot text for /home/us62/2-github/aoc/AdventOfCode-2021/src/main/scala/adventofcode/solutions/Day01.scala[0m
2022.03.14 22:17:48 WARN  Could not load snapshot text for /home/us62/2-github/aoc/AdventOfCode-2021/src/main/scala/adventofcode/solutions/Day01.scala[0m
2022.03.14 22:17:48 WARN  Could not load snapshot text for /home/us62/2-github/aoc/AdventOfCode-2021/src/main/scala/adventofcode/solutions/Day01.scala[0m
2022.03.14 22:17:48 WARN  Could not load snapshot text for /home/us62/2-github/aoc/AdventOfCode-2021/src/main/scala/adventofcode/solutions/Day01.scala[0m
2022.03.14 22:17:48 WARN  Could not load snapshot text for /home/us62/2-github/aoc/AdventOfCode-2021/src/main/scala/adventofcode/solutions/Day01.scala[0m
2022.03.14 22:17:48 WARN  Could not load snapshot text for /home/us62/2-github/aoc/AdventOfCode-2021/src/main/scala/adventofcode/solutions/Day01.scala[0m
2022.03.14 22:17:48 WARN  Could not load snapshot text for /home/us62/2-github/aoc/AdventOfCode-2021/src/main/scala/adventofcode/solutions/Day01.scala[0m
2022.03.14 22:17:48 WARN  Could not load snapshot text for /home/us62/2-github/aoc/AdventOfCode-2021/src/main/scala/adventofcode/solutions/Day01.scala[0m
2022.03.14 22:17:48 WARN  Could not load snapshot text for /home/us62/2-github/aoc/AdventOfCode-2021/src/main/scala/adventofcode/solutions/Day01.scala[0m
2022.03.14 22:17:48 WARN  Could not load snapshot text for /home/us62/2-github/aoc/AdventOfCode-2021/src/main/scala/adventofcode/solutions/Day01.scala[0m
2022.03.14 22:17:48 WARN  Could not load snapshot text for /home/us62/2-github/aoc/AdventOfCode-2021/src/main/scala/adventofcode/solutions/Day01.scala[0m
2022.03.14 22:17:48 WARN  Could not load snapshot text for /home/us62/2-github/aoc/AdventOfCode-2021/src/main/scala/adventofcode/solutions/Day01.scala[0m
2022.03.14 22:17:48 WARN  Could not load snapshot text for /home/us62/2-github/aoc/AdventOfCode-2021/src/main/scala/adventofcode/solutions/Day01.scala[0m
2022.03.14 22:17:48 WARN  Could not load snapshot text for /home/us62/2-github/aoc/AdventOfCode-2021/src/main/scala/adventofcode/solutions/Day01.scala[0m
2022.03.14 22:17:48 WARN  Could not load snapshot text for /home/us62/2-github/aoc/AdventOfCode-2021/src/main/scala/adventofcode/solutions/Day01.scala[0m
2022.03.14 22:17:48 WARN  Could not load snapshot text for /home/us62/2-github/aoc/AdventOfCode-2021/src/main/scala/adventofcode/solutions/Day01.scala[0m
2022.03.14 22:17:49 WARN  Could not load snapshot text for /home/us62/2-github/aoc/AdventOfCode-2021/src/main/scala/adventofcode/solutions/Day01.scala[0m
2022.03.14 22:17:49 WARN  Could not load snapshot text for /home/us62/2-github/aoc/AdventOfCode-2021/src/main/scala/adventofcode/solutions/Day01.scala[0m
2022.03.14 22:17:49 WARN  Could not load snapshot text for /home/us62/2-github/aoc/AdventOfCode-2021/src/main/scala/adventofcode/solutions/Day01.scala[0m
2022.03.14 22:17:49 WARN  Could not load snapshot text for /home/us62/2-github/aoc/AdventOfCode-2021/src/main/scala/adventofcode/solutions/Day01.scala[0m
2022.03.14 22:17:49 WARN  Could not load snapshot text for /home/us62/2-github/aoc/AdventOfCode-2021/src/main/scala/adventofcode/solutions/Day01.scala[0m
2022.03.14 22:17:49 WARN  Could not load snapshot text for /home/us62/2-github/aoc/AdventOfCode-2021/src/main/scala/adventofcode/solutions/Day01.scala[0m
2022.03.14 22:17:49 WARN  Could not load snapshot text for /home/us62/2-github/aoc/AdventOfCode-2021/src/main/scala/adventofcode/solutions/Day01.scala[0m
2022.03.14 22:17:49 WARN  Could not load snapshot text for /home/us62/2-github/aoc/AdventOfCode-2021/src/main/scala/adventofcode/solutions/Day01.scala[0m
2022.03.14 22:17:49 WARN  Could not load snapshot text for /home/us62/2-github/aoc/AdventOfCode-2021/src/main/scala/adventofcode/solutions/Day01.scala[0m
2022.03.14 22:17:49 WARN  Could not load snapshot text for /home/us62/2-github/aoc/AdventOfCode-2021/src/main/scala/adventofcode/solutions/Day01.scala[0m
2022.03.14 22:17:49 WARN  Could not load snapshot text for /home/us62/2-github/aoc/AdventOfCode-2021/src/main/scala/adventofcode/solutions/Day01.scala[0m
2022.03.14 22:17:49 WARN  Could not load snapshot text for /home/us62/2-github/aoc/AdventOfCode-2021/src/main/scala/adventofcode/solutions/Day01.scala[0m
2022.03.14 22:17:49 WARN  Could not load snapshot text for /home/us62/2-github/aoc/AdventOfCode-2021/src/main/scala/adventofcode/solutions/Day01.scala[0m
2022.03.14 22:17:49 WARN  Could not load snapshot text for /home/us62/2-github/aoc/AdventOfCode-2021/src/main/scala/adventofcode/solutions/Day01.scala[0m
2022.03.14 22:17:49 WARN  Could not load snapshot text for /home/us62/2-github/aoc/AdventOfCode-2021/src/main/scala/adventofcode/solutions/Day01.scala[0m
2022.03.14 22:17:49 WARN  Could not load snapshot text for /home/us62/2-github/aoc/AdventOfCode-2021/src/main/scala/adventofcode/solutions/Day01.scala[0m
2022.03.14 22:17:49 WARN  Could not load snapshot text for /home/us62/2-github/aoc/AdventOfCode-2021/src/main/scala/adventofcode/solutions/Day01.scala[0m
2022.03.14 22:17:49 WARN  Could not load snapshot text for /home/us62/2-github/aoc/AdventOfCode-2021/src/main/scala/adventofcode/solutions/Day01.scala[0m
2022.03.14 22:17:49 WARN  Could not load snapshot text for /home/us62/2-github/aoc/AdventOfCode-2021/src/main/scala/adventofcode/solutions/Day01.scala[0m
2022.03.14 22:17:49 WARN  Could not load snapshot text for /home/us62/2-github/aoc/AdventOfCode-2021/src/main/scala/adventofcode/solutions/Day01.scala[0m
2022.03.14 22:17:49 WARN  Could not load snapshot text for /home/us62/2-github/aoc/AdventOfCode-2021/src/main/scala/adventofcode/solutions/Day01.scala[0m
2022.03.14 22:17:49 WARN  Could not load snapshot text for /home/us62/2-github/aoc/AdventOfCode-2021/src/main/scala/adventofcode/solutions/Day01.scala[0m
2022.03.14 22:17:49 WARN  Could not load snapshot text for /home/us62/2-github/aoc/AdventOfCode-2021/src/main/scala/adventofcode/solutions/Day01.scala[0m
2022.03.14 22:17:49 WARN  Could not load snapshot text for /home/us62/2-github/aoc/AdventOfCode-2021/src/main/scala/adventofcode/solutions/Day01.scala[0m
2022.03.14 22:17:49 WARN  Could not load snapshot text for /home/us62/2-github/aoc/AdventOfCode-2021/src/main/scala/adventofcode/solutions/Day01.scala[0m
2022.03.14 22:17:49 WARN  Could not load snapshot text for /home/us62/2-github/aoc/AdventOfCode-2021/src/main/scala/adventofcode/solutions/Day01.scala[0m
2022.03.14 22:17:49 WARN  Could not load snapshot text for /home/us62/2-github/aoc/AdventOfCode-2021/src/main/scala/adventofcode/solutions/Day01.scala[0m
2022.03.14 22:17:51 WARN  Could not load snapshot text for /home/us62/2-github/aoc/AdventOfCode-2021/src/main/scala/adventofcode/solutions/Day01.scala[0m
2022.03.14 22:17:51 WARN  Could not load snapshot text for /home/us62/2-github/aoc/AdventOfCode-2021/src/main/scala/adventofcode/solutions/Day01.scala[0m
2022.03.14 22:17:52 WARN  Could not load snapshot text for /home/us62/2-github/aoc/AdventOfCode-2021/src/main/scala/adventofcode/solutions/Day01.scala[0m
2022.03.14 22:17:53 WARN  Could not load snapshot text for /home/us62/2-github/aoc/AdventOfCode-2021/src/main/scala/adventofcode/solutions/Day01.scala[0m
2022.03.14 22:17:55 WARN  Could not load snapshot text for /home/us62/2-github/aoc/AdventOfCode-2021/src/main/scala/adventofcode/solutions/Day01.scala[0m
2022.03.14 22:17:55 WARN  Could not load snapshot text for /home/us62/2-github/aoc/AdventOfCode-2021/src/main/scala/adventofcode/solutions/Day01.scala[0m
2022.03.14 22:17:55 WARN  Could not load snapshot text for /home/us62/2-github/aoc/AdventOfCode-2021/src/main/scala/adventofcode/solutions/Day01.scala[0m
2022.03.14 22:17:55 WARN  Could not load snapshot text for /home/us62/2-github/aoc/AdventOfCode-2021/src/main/scala/adventofcode/solutions/Day01.scala[0m
2022.03.14 22:17:55 WARN  Could not load snapshot text for /home/us62/2-github/aoc/AdventOfCode-2021/src/main/scala/adventofcode/solutions/Day01.scala[0m
2022.03.14 22:17:55 WARN  Could not load snapshot text for /home/us62/2-github/aoc/AdventOfCode-2021/src/main/scala/adventofcode/solutions/Day01.scala[0m
2022.03.14 22:17:55 WARN  Could not load snapshot text for /home/us62/2-github/aoc/AdventOfCode-2021/src/main/scala/adventofcode/solutions/Day01.scala[0m
2022.03.14 22:17:55 WARN  Could not load snapshot text for /home/us62/2-github/aoc/AdventOfCode-2021/src/main/scala/adventofcode/solutions/Day01.scala[0m
2022.03.14 22:17:55 WARN  Could not load snapshot text for /home/us62/2-github/aoc/AdventOfCode-2021/src/main/scala/adventofcode/solutions/Day01.scala[0m
2022.03.14 22:17:55 WARN  Could not load snapshot text for /home/us62/2-github/aoc/AdventOfCode-2021/src/main/scala/adventofcode/solutions/Day01.scala[0m
2022.03.14 22:17:55 WARN  Could not load snapshot text for /home/us62/2-github/aoc/AdventOfCode-2021/src/main/scala/adventofcode/solutions/Day01.scala[0m
2022.03.14 22:17:55 WARN  Could not load snapshot text for /home/us62/2-github/aoc/AdventOfCode-2021/src/main/scala/adventofcode/solutions/Day01.scala[0m
2022.03.14 22:17:55 WARN  Could not load snapshot text for /home/us62/2-github/aoc/AdventOfCode-2021/src/main/scala/adventofcode/solutions/Day01.scala[0m
2022.03.14 22:17:55 WARN  Could not load snapshot text for /home/us62/2-github/aoc/AdventOfCode-2021/src/main/scala/adventofcode/solutions/Day01.scala[0m
2022.03.14 22:17:55 WARN  Could not load snapshot text for /home/us62/2-github/aoc/AdventOfCode-2021/src/main/scala/adventofcode/solutions/Day01.scala[0m
2022.03.14 22:17:57 WARN  Could not load snapshot text for /home/us62/2-github/aoc/AdventOfCode-2021/src/main/scala/adventofcode/solutions/Day01.scala[0m
2022.03.14 22:17:57 WARN  Could not load snapshot text for /home/us62/2-github/aoc/AdventOfCode-2021/src/main/scala/adventofcode/solutions/Day01.scala[0m
2022.03.14 22:17:57 WARN  Could not load snapshot text for /home/us62/2-github/aoc/AdventOfCode-2021/src/main/scala/adventofcode/solutions/Day01.scala[0m
2022.03.14 22:17:57 WARN  Could not load snapshot text for /home/us62/2-github/aoc/AdventOfCode-2021/src/main/scala/adventofcode/solutions/Day01.scala[0m
2022.03.14 22:17:57 WARN  Could not load snapshot text for /home/us62/2-github/aoc/AdventOfCode-2021/src/main/scala/adventofcode/solutions/Day01.scala[0m
2022.03.14 22:18:00 INFO  compiling root (1 scala source)[0m
2022.03.14 22:18:04 INFO  time: compiled root in 4.05s[0m
2022.03.14 22:18:04 WARN  Could not load snapshot text for /home/us62/2-github/aoc/AdventOfCode-2021/src/main/scala/adventofcode/solutions/Day01.scala[0m
2022.03.14 22:18:36 WARN  Could not load snapshot text for /home/us62/2-github/aoc/AdventOfCode-2021/src/main/scala/adventofcode/solutions/Day01.scala[0m
2022.03.14 22:18:36 WARN  Could not load snapshot text for /home/us62/2-github/aoc/AdventOfCode-2021/src/main/scala/adventofcode/solutions/Day01.scala[0m
2022.03.14 22:18:38 WARN  Could not load snapshot text for /home/us62/2-github/aoc/AdventOfCode-2021/src/main/scala/adventofcode/solutions/Day01.scala[0m
2022.03.14 22:18:38 WARN  Could not load snapshot text for /home/us62/2-github/aoc/AdventOfCode-2021/src/main/scala/adventofcode/solutions/Day01.scala[0m
2022.03.14 22:18:42 WARN  Could not load snapshot text for /home/us62/2-github/aoc/AdventOfCode-2021/src/main/scala/adventofcode/solutions/Day01.scala[0m
2022.03.14 22:18:44 WARN  Could not load snapshot text for /home/us62/2-github/aoc/AdventOfCode-2021/src/main/scala/adventofcode/solutions/Day01.scala[0m
2022.03.14 22:18:44 WARN  Could not load snapshot text for /home/us62/2-github/aoc/AdventOfCode-2021/src/main/scala/adventofcode/solutions/Day01.scala[0m
2022.03.14 22:18:46 WARN  Could not load snapshot text for /home/us62/2-github/aoc/AdventOfCode-2021/src/main/scala/adventofcode/solutions/Day01.scala[0m
2022.03.14 22:18:46 WARN  Could not load snapshot text for /home/us62/2-github/aoc/AdventOfCode-2021/src/main/scala/adventofcode/solutions/Day01.scala[0m
2022.03.14 22:18:46 WARN  Could not load snapshot text for /home/us62/2-github/aoc/AdventOfCode-2021/src/main/scala/adventofcode/solutions/Day01.scala[0m
2022.03.14 22:18:46 WARN  Could not load snapshot text for /home/us62/2-github/aoc/AdventOfCode-2021/src/main/scala/adventofcode/solutions/Day01.scala[0m
2022.03.14 22:18:49 INFO  compiling root (1 scala source)[0m
2022.03.14 22:18:52 WARN  Could not load snapshot text for /home/us62/2-github/aoc/AdventOfCode-2021/src/main/scala/adventofcode/solutions/Day01.scala[0m
2022.03.14 22:18:53 INFO  time: compiled root in 3.45s[0m
2022.03.14 22:18:58 INFO  compiling root (1 scala source)[0m
2022.03.14 22:19:01 INFO  time: compiled root in 2.75s[0m
2022.03.14 22:20:33 INFO  compiling root (1 scala source)[0m
2022.03.14 22:20:37 INFO  time: compiled root in 4.09s[0m
2022.03.14 22:21:13 INFO  compiling root (1 scala source)[0m
2022.03.14 22:21:15 INFO  time: compiled root in 2.53s[0m
Mar 14, 2022 10:21:36 PM scala.meta.internal.pc.CompletionProvider expected$1
WARNING: value <error: object Day01> is not a module
2022.03.14 22:21:46 INFO  compiling root (1 scala source)[0m
2022.03.14 22:21:50 INFO  time: compiled root in 3.31s[0m
2022.03.14 22:21:55 INFO  compiling root (1 scala source)[0m
2022.03.14 22:21:58 INFO  time: compiled root in 3.05s[0m
2022.03.14 22:29:57 INFO  compiling root (1 scala source)[0m
2022.03.14 22:29:57 INFO  time: compiled root in 0.49s[0m
2022.03.14 22:30:43 INFO  compiling root (1 scala source)[0m
2022.03.14 22:30:43 INFO  time: compiled root in 0.73s[0m
2022.03.14 22:31:07 INFO  compiling root (1 scala source)[0m
2022.03.14 22:31:07 INFO  time: compiled root in 0.11s[0m
2022.03.14 22:31:13 INFO  /home/us62/2-github/aoc/AdventOfCode-2021/src/main/scala/adventofcode/solutions/Day2.scala:11:28: stale bloop error: not found: value pass
  override def solutionB = pass
                           ^^^^[0m
2022.03.14 22:31:13 INFO  /home/us62/2-github/aoc/AdventOfCode-2021/src/main/scala/adventofcode/solutions/Day2.scala:11:28: stale bloop error: not found: value pass
  override def solutionB = pass
                           ^^^^[0m
2022.03.14 22:31:13 INFO  /home/us62/2-github/aoc/AdventOfCode-2021/src/main/scala/adventofcode/solutions/Day2.scala:11:28: stale bloop error: not found: value pass
  override def solutionB = pass
                           ^^^^[0m
2022.03.14 22:31:13 INFO  /home/us62/2-github/aoc/AdventOfCode-2021/src/main/scala/adventofcode/solutions/Day2.scala:11:28: stale bloop error: not found: value pass
  override def solutionB = pass
                           ^^^^[0m
2022.03.14 22:31:13 INFO  /home/us62/2-github/aoc/AdventOfCode-2021/src/main/scala/adventofcode/solutions/Day2.scala:11:28: stale bloop error: not found: value pass
  override def solutionB = pass
                           ^^^^[0m
2022.03.14 22:31:13 INFO  /home/us62/2-github/aoc/AdventOfCode-2021/src/main/scala/adventofcode/solutions/Day2.scala:11:28: stale bloop error: not found: value pass
  override def solutionB = pass
                           ^^^^[0m
2022.03.14 22:31:14 INFO  /home/us62/2-github/aoc/AdventOfCode-2021/src/main/scala/adventofcode/solutions/Day2.scala:11:28: stale bloop error: not found: value pass
  override def solutionB = pass
                           ^^^^[0m
2022.03.14 22:31:14 INFO  /home/us62/2-github/aoc/AdventOfCode-2021/src/main/scala/adventofcode/solutions/Day2.scala:11:28: stale bloop error: not found: value pass
  override def solutionB = pass
                           ^^^^[0m
2022.03.14 22:31:20 INFO  compiling root (1 scala source)[0m
2022.03.14 22:31:20 INFO  time: compiled root in 0.68s[0m
Mar 14, 2022 10:36:10 PM scala.meta.internal.pc.completions.Completions completionPosition
SEVERE: Cannot invoke "scala.reflect.internal.Types$Type.typeSymbol()" because "selector" is null
java.lang.NullPointerException: Cannot invoke "scala.reflect.internal.Types$Type.typeSymbol()" because "selector" is null
	at scala.meta.internal.pc.completions.MatchCaseCompletions$Parents.<init>(MatchCaseCompletions.scala:412)
	at scala.meta.internal.pc.completions.MatchCaseCompletions$Parents.<init>(MatchCaseCompletions.scala:402)
	at scala.meta.internal.pc.completions.MatchCaseCompletions$CaseKeywordCompletion.<init>(MatchCaseCompletions.scala:68)
	at scala.meta.internal.pc.completions.Completions.completionPositionUnsafe(Completions.scala:488)
	at scala.meta.internal.pc.completions.Completions.completionPositionUnsafe$(Completions.scala:415)
	at scala.meta.internal.pc.MetalsGlobal.completionPositionUnsafe(MetalsGlobal.scala:30)
	at scala.meta.internal.pc.completions.Completions.completionPosition(Completions.scala:407)
	at scala.meta.internal.pc.completions.Completions.completionPosition$(Completions.scala:390)
	at scala.meta.internal.pc.MetalsGlobal.completionPosition(MetalsGlobal.scala:30)
	at scala.meta.internal.pc.CompletionProvider.safeCompletionsAt(CompletionProvider.scala:458)
	at scala.meta.internal.pc.CompletionProvider.completions(CompletionProvider.scala:58)
	at scala.meta.internal.pc.ScalaPresentationCompiler.$anonfun$complete$1(ScalaPresentationCompiler.scala:125)
	at scala.meta.internal.pc.CompilerAccess.withSharedCompiler(CompilerAccess.scala:137)
	at scala.meta.internal.pc.CompilerAccess.$anonfun$withInterruptableCompiler$1(CompilerAccess.scala:87)
	at scala.meta.internal.pc.CompilerAccess.$anonfun$onCompilerJobQueue$1(CompilerAccess.scala:197)
	at scala.meta.internal.pc.CompilerJobQueue$Job.run(CompilerJobQueue.scala:139)
	at java.base/java.util.concurrent.ThreadPoolExecutor.runWorker(ThreadPoolExecutor.java:1136)
	at java.base/java.util.concurrent.ThreadPoolExecutor$Worker.run(ThreadPoolExecutor.java:635)
	at java.base/java.lang.Thread.run(Thread.java:833)

Mar 14, 2022 10:36:11 PM scala.meta.internal.pc.completions.Completions completionPosition
SEVERE: Cannot invoke "scala.reflect.internal.Types$Type.typeSymbol()" because "selector" is null
java.lang.NullPointerException: Cannot invoke "scala.reflect.internal.Types$Type.typeSymbol()" because "selector" is null
	at scala.meta.internal.pc.completions.MatchCaseCompletions$Parents.<init>(MatchCaseCompletions.scala:412)
	at scala.meta.internal.pc.completions.MatchCaseCompletions$Parents.<init>(MatchCaseCompletions.scala:402)
	at scala.meta.internal.pc.completions.MatchCaseCompletions$CaseKeywordCompletion.<init>(MatchCaseCompletions.scala:68)
	at scala.meta.internal.pc.completions.Completions.completionPositionUnsafe(Completions.scala:488)
	at scala.meta.internal.pc.completions.Completions.completionPositionUnsafe$(Completions.scala:415)
	at scala.meta.internal.pc.MetalsGlobal.completionPositionUnsafe(MetalsGlobal.scala:30)
	at scala.meta.internal.pc.completions.Completions.completionPosition(Completions.scala:407)
	at scala.meta.internal.pc.completions.Completions.completionPosition$(Completions.scala:390)
	at scala.meta.internal.pc.MetalsGlobal.completionPosition(MetalsGlobal.scala:30)
	at scala.meta.internal.pc.CompletionProvider.safeCompletionsAt(CompletionProvider.scala:458)
	at scala.meta.internal.pc.CompletionProvider.completions(CompletionProvider.scala:58)
	at scala.meta.internal.pc.ScalaPresentationCompiler.$anonfun$complete$1(ScalaPresentationCompiler.scala:125)
	at scala.meta.internal.pc.CompilerAccess.withSharedCompiler(CompilerAccess.scala:137)
	at scala.meta.internal.pc.CompilerAccess.$anonfun$withInterruptableCompiler$1(CompilerAccess.scala:87)
	at scala.meta.internal.pc.CompilerAccess.$anonfun$onCompilerJobQueue$1(CompilerAccess.scala:197)
	at scala.meta.internal.pc.CompilerJobQueue$Job.run(CompilerJobQueue.scala:139)
	at java.base/java.util.concurrent.ThreadPoolExecutor.runWorker(ThreadPoolExecutor.java:1136)
	at java.base/java.util.concurrent.ThreadPoolExecutor$Worker.run(ThreadPoolExecutor.java:635)
	at java.base/java.lang.Thread.run(Thread.java:833)

Mar 14, 2022 10:36:19 PM scala.meta.internal.pc.completions.Completions completionPosition
SEVERE: Cannot invoke "scala.reflect.internal.Types$Type.typeSymbol()" because "selector" is null
java.lang.NullPointerException: Cannot invoke "scala.reflect.internal.Types$Type.typeSymbol()" because "selector" is null
	at scala.meta.internal.pc.completions.MatchCaseCompletions$Parents.<init>(MatchCaseCompletions.scala:412)
	at scala.meta.internal.pc.completions.MatchCaseCompletions$Parents.<init>(MatchCaseCompletions.scala:402)
	at scala.meta.internal.pc.completions.MatchCaseCompletions$CaseKeywordCompletion.<init>(MatchCaseCompletions.scala:68)
	at scala.meta.internal.pc.completions.Completions.completionPositionUnsafe(Completions.scala:491)
	at scala.meta.internal.pc.completions.Completions.completionPositionUnsafe$(Completions.scala:415)
	at scala.meta.internal.pc.MetalsGlobal.completionPositionUnsafe(MetalsGlobal.scala:30)
	at scala.meta.internal.pc.completions.Completions.completionPosition(Completions.scala:407)
	at scala.meta.internal.pc.completions.Completions.completionPosition$(Completions.scala:390)
	at scala.meta.internal.pc.MetalsGlobal.completionPosition(MetalsGlobal.scala:30)
	at scala.meta.internal.pc.CompletionProvider.safeCompletionsAt(CompletionProvider.scala:458)
	at scala.meta.internal.pc.CompletionProvider.completions(CompletionProvider.scala:58)
	at scala.meta.internal.pc.ScalaPresentationCompiler.$anonfun$complete$1(ScalaPresentationCompiler.scala:125)
	at scala.meta.internal.pc.CompilerAccess.withSharedCompiler(CompilerAccess.scala:137)
	at scala.meta.internal.pc.CompilerAccess.$anonfun$withInterruptableCompiler$1(CompilerAccess.scala:87)
	at scala.meta.internal.pc.CompilerAccess.$anonfun$onCompilerJobQueue$1(CompilerAccess.scala:197)
	at scala.meta.internal.pc.CompilerJobQueue$Job.run(CompilerJobQueue.scala:139)
	at java.base/java.util.concurrent.ThreadPoolExecutor.runWorker(ThreadPoolExecutor.java:1136)
	at java.base/java.util.concurrent.ThreadPoolExecutor$Worker.run(ThreadPoolExecutor.java:635)
	at java.base/java.lang.Thread.run(Thread.java:833)

Mar 14, 2022 10:36:19 PM scala.meta.internal.pc.completions.Completions completionPosition
SEVERE: Cannot invoke "scala.reflect.internal.Types$Type.typeSymbol()" because "selector" is null
java.lang.NullPointerException: Cannot invoke "scala.reflect.internal.Types$Type.typeSymbol()" because "selector" is null
	at scala.meta.internal.pc.completions.MatchCaseCompletions$Parents.<init>(MatchCaseCompletions.scala:412)
	at scala.meta.internal.pc.completions.MatchCaseCompletions$Parents.<init>(MatchCaseCompletions.scala:402)
	at scala.meta.internal.pc.completions.MatchCaseCompletions$CaseKeywordCompletion.<init>(MatchCaseCompletions.scala:68)
	at scala.meta.internal.pc.completions.Completions.completionPositionUnsafe(Completions.scala:491)
	at scala.meta.internal.pc.completions.Completions.completionPositionUnsafe$(Completions.scala:415)
	at scala.meta.internal.pc.MetalsGlobal.completionPositionUnsafe(MetalsGlobal.scala:30)
	at scala.meta.internal.pc.completions.Completions.completionPosition(Completions.scala:407)
	at scala.meta.internal.pc.completions.Completions.completionPosition$(Completions.scala:390)
	at scala.meta.internal.pc.MetalsGlobal.completionPosition(MetalsGlobal.scala:30)
	at scala.meta.internal.pc.CompletionProvider.safeCompletionsAt(CompletionProvider.scala:458)
	at scala.meta.internal.pc.CompletionProvider.completions(CompletionProvider.scala:58)
	at scala.meta.internal.pc.ScalaPresentationCompiler.$anonfun$complete$1(ScalaPresentationCompiler.scala:125)
	at scala.meta.internal.pc.CompilerAccess.withSharedCompiler(CompilerAccess.scala:137)
	at scala.meta.internal.pc.CompilerAccess.$anonfun$withInterruptableCompiler$1(CompilerAccess.scala:87)
	at scala.meta.internal.pc.CompilerAccess.$anonfun$onCompilerJobQueue$1(CompilerAccess.scala:197)
	at scala.meta.internal.pc.CompilerJobQueue$Job.run(CompilerJobQueue.scala:139)
	at java.base/java.util.concurrent.ThreadPoolExecutor.runWorker(ThreadPoolExecutor.java:1136)
	at java.base/java.util.concurrent.ThreadPoolExecutor$Worker.run(ThreadPoolExecutor.java:635)
	at java.base/java.lang.Thread.run(Thread.java:833)

Mar 14, 2022 10:36:19 PM scala.meta.internal.pc.completions.Completions completionPosition
SEVERE: Cannot invoke "scala.reflect.internal.Types$Type.typeSymbol()" because "selector" is null
java.lang.NullPointerException: Cannot invoke "scala.reflect.internal.Types$Type.typeSymbol()" because "selector" is null
	at scala.meta.internal.pc.completions.MatchCaseCompletions$Parents.<init>(MatchCaseCompletions.scala:412)
	at scala.meta.internal.pc.completions.MatchCaseCompletions$Parents.<init>(MatchCaseCompletions.scala:402)
	at scala.meta.internal.pc.completions.MatchCaseCompletions$CaseKeywordCompletion.<init>(MatchCaseCompletions.scala:68)
	at scala.meta.internal.pc.completions.Completions.completionPositionUnsafe(Completions.scala:491)
	at scala.meta.internal.pc.completions.Completions.completionPositionUnsafe$(Completions.scala:415)
	at scala.meta.internal.pc.MetalsGlobal.completionPositionUnsafe(MetalsGlobal.scala:30)
	at scala.meta.internal.pc.completions.Completions.completionPosition(Completions.scala:407)
	at scala.meta.internal.pc.completions.Completions.completionPosition$(Completions.scala:390)
	at scala.meta.internal.pc.MetalsGlobal.completionPosition(MetalsGlobal.scala:30)
	at scala.meta.internal.pc.CompletionProvider.safeCompletionsAt(CompletionProvider.scala:458)
	at scala.meta.internal.pc.CompletionProvider.completions(CompletionProvider.scala:58)
	at scala.meta.internal.pc.ScalaPresentationCompiler.$anonfun$complete$1(ScalaPresentationCompiler.scala:125)
	at scala.meta.internal.pc.CompilerAccess.withSharedCompiler(CompilerAccess.scala:137)
	at scala.meta.internal.pc.CompilerAccess.$anonfun$withInterruptableCompiler$1(CompilerAccess.scala:87)
	at scala.meta.internal.pc.CompilerAccess.$anonfun$onCompilerJobQueue$1(CompilerAccess.scala:197)
	at scala.meta.internal.pc.CompilerJobQueue$Job.run(CompilerJobQueue.scala:139)
	at java.base/java.util.concurrent.ThreadPoolExecutor.runWorker(ThreadPoolExecutor.java:1136)
	at java.base/java.util.concurrent.ThreadPoolExecutor$Worker.run(ThreadPoolExecutor.java:635)
	at java.base/java.lang.Thread.run(Thread.java:833)

Mar 14, 2022 10:36:19 PM scala.meta.internal.pc.completions.Completions completionPosition
SEVERE: Cannot invoke "scala.reflect.internal.Types$Type.typeSymbol()" because "selector" is null
java.lang.NullPointerException: Cannot invoke "scala.reflect.internal.Types$Type.typeSymbol()" because "selector" is null
	at scala.meta.internal.pc.completions.MatchCaseCompletions$Parents.<init>(MatchCaseCompletions.scala:412)
	at scala.meta.internal.pc.completions.MatchCaseCompletions$Parents.<init>(MatchCaseCompletions.scala:402)
	at scala.meta.internal.pc.completions.MatchCaseCompletions$CaseKeywordCompletion.<init>(MatchCaseCompletions.scala:68)
	at scala.meta.internal.pc.completions.Completions.completionPositionUnsafe(Completions.scala:491)
	at scala.meta.internal.pc.completions.Completions.completionPositionUnsafe$(Completions.scala:415)
	at scala.meta.internal.pc.MetalsGlobal.completionPositionUnsafe(MetalsGlobal.scala:30)
	at scala.meta.internal.pc.completions.Completions.completionPosition(Completions.scala:407)
	at scala.meta.internal.pc.completions.Completions.completionPosition$(Completions.scala:390)
	at scala.meta.internal.pc.MetalsGlobal.completionPosition(MetalsGlobal.scala:30)
	at scala.meta.internal.pc.CompletionProvider.safeCompletionsAt(CompletionProvider.scala:458)
	at scala.meta.internal.pc.CompletionProvider.completions(CompletionProvider.scala:58)
	at scala.meta.internal.pc.ScalaPresentationCompiler.$anonfun$complete$1(ScalaPresentationCompiler.scala:125)
	at scala.meta.internal.pc.CompilerAccess.withSharedCompiler(CompilerAccess.scala:137)
	at scala.meta.internal.pc.CompilerAccess.$anonfun$withInterruptableCompiler$1(CompilerAccess.scala:87)
	at scala.meta.internal.pc.CompilerAccess.$anonfun$onCompilerJobQueue$1(CompilerAccess.scala:197)
	at scala.meta.internal.pc.CompilerJobQueue$Job.run(CompilerJobQueue.scala:139)
	at java.base/java.util.concurrent.ThreadPoolExecutor.runWorker(ThreadPoolExecutor.java:1136)
	at java.base/java.util.concurrent.ThreadPoolExecutor$Worker.run(ThreadPoolExecutor.java:635)
	at java.base/java.lang.Thread.run(Thread.java:833)

Mar 14, 2022 10:37:08 PM scala.meta.internal.pc.completions.Completions completionPosition
SEVERE: Cannot invoke "scala.reflect.internal.Types$Type.typeSymbol()" because "selector" is null
java.lang.NullPointerException: Cannot invoke "scala.reflect.internal.Types$Type.typeSymbol()" because "selector" is null
	at scala.meta.internal.pc.completions.MatchCaseCompletions$Parents.<init>(MatchCaseCompletions.scala:412)
	at scala.meta.internal.pc.completions.MatchCaseCompletions$Parents.<init>(MatchCaseCompletions.scala:402)
	at scala.meta.internal.pc.completions.MatchCaseCompletions$CaseKeywordCompletion.<init>(MatchCaseCompletions.scala:68)
	at scala.meta.internal.pc.completions.Completions.completionPositionUnsafe(Completions.scala:491)
	at scala.meta.internal.pc.completions.Completions.completionPositionUnsafe$(Completions.scala:415)
	at scala.meta.internal.pc.MetalsGlobal.completionPositionUnsafe(MetalsGlobal.scala:30)
	at scala.meta.internal.pc.completions.Completions.completionPosition(Completions.scala:407)
	at scala.meta.internal.pc.completions.Completions.completionPosition$(Completions.scala:390)
	at scala.meta.internal.pc.MetalsGlobal.completionPosition(MetalsGlobal.scala:30)
	at scala.meta.internal.pc.CompletionProvider.safeCompletionsAt(CompletionProvider.scala:458)
	at scala.meta.internal.pc.CompletionProvider.completions(CompletionProvider.scala:58)
	at scala.meta.internal.pc.ScalaPresentationCompiler.$anonfun$complete$1(ScalaPresentationCompiler.scala:125)
	at scala.meta.internal.pc.CompilerAccess.withSharedCompiler(CompilerAccess.scala:137)
	at scala.meta.internal.pc.CompilerAccess.$anonfun$withInterruptableCompiler$1(CompilerAccess.scala:87)
	at scala.meta.internal.pc.CompilerAccess.$anonfun$onCompilerJobQueue$1(CompilerAccess.scala:197)
	at scala.meta.internal.pc.CompilerJobQueue$Job.run(CompilerJobQueue.scala:139)
	at java.base/java.util.concurrent.ThreadPoolExecutor.runWorker(ThreadPoolExecutor.java:1136)
	at java.base/java.util.concurrent.ThreadPoolExecutor$Worker.run(ThreadPoolExecutor.java:635)
	at java.base/java.lang.Thread.run(Thread.java:833)

Mar 14, 2022 10:37:08 PM scala.meta.internal.pc.completions.Completions completionPosition
SEVERE: Cannot invoke "scala.reflect.internal.Types$Type.typeSymbol()" because "selector" is null
java.lang.NullPointerException: Cannot invoke "scala.reflect.internal.Types$Type.typeSymbol()" because "selector" is null
	at scala.meta.internal.pc.completions.MatchCaseCompletions$Parents.<init>(MatchCaseCompletions.scala:412)
	at scala.meta.internal.pc.completions.MatchCaseCompletions$Parents.<init>(MatchCaseCompletions.scala:402)
	at scala.meta.internal.pc.completions.MatchCaseCompletions$CaseKeywordCompletion.<init>(MatchCaseCompletions.scala:68)
	at scala.meta.internal.pc.completions.Completions.completionPositionUnsafe(Completions.scala:491)
	at scala.meta.internal.pc.completions.Completions.completionPositionUnsafe$(Completions.scala:415)
	at scala.meta.internal.pc.MetalsGlobal.completionPositionUnsafe(MetalsGlobal.scala:30)
	at scala.meta.internal.pc.completions.Completions.completionPosition(Completions.scala:407)
	at scala.meta.internal.pc.completions.Completions.completionPosition$(Completions.scala:390)
	at scala.meta.internal.pc.MetalsGlobal.completionPosition(MetalsGlobal.scala:30)
	at scala.meta.internal.pc.CompletionProvider.safeCompletionsAt(CompletionProvider.scala:458)
	at scala.meta.internal.pc.CompletionProvider.completions(CompletionProvider.scala:58)
	at scala.meta.internal.pc.ScalaPresentationCompiler.$anonfun$complete$1(ScalaPresentationCompiler.scala:125)
	at scala.meta.internal.pc.CompilerAccess.withSharedCompiler(CompilerAccess.scala:137)
	at scala.meta.internal.pc.CompilerAccess.$anonfun$withInterruptableCompiler$1(CompilerAccess.scala:87)
	at scala.meta.internal.pc.CompilerAccess.$anonfun$onCompilerJobQueue$1(CompilerAccess.scala:197)
	at scala.meta.internal.pc.CompilerJobQueue$Job.run(CompilerJobQueue.scala:139)
	at java.base/java.util.concurrent.ThreadPoolExecutor.runWorker(ThreadPoolExecutor.java:1136)
	at java.base/java.util.concurrent.ThreadPoolExecutor$Worker.run(ThreadPoolExecutor.java:635)
	at java.base/java.lang.Thread.run(Thread.java:833)

Mar 14, 2022 10:37:09 PM scala.meta.internal.pc.completions.Completions completionPosition
SEVERE: Cannot invoke "scala.reflect.internal.Types$Type.typeSymbol()" because "selector" is null
java.lang.NullPointerException: Cannot invoke "scala.reflect.internal.Types$Type.typeSymbol()" because "selector" is null
	at scala.meta.internal.pc.completions.MatchCaseCompletions$Parents.<init>(MatchCaseCompletions.scala:412)
	at scala.meta.internal.pc.completions.MatchCaseCompletions$Parents.<init>(MatchCaseCompletions.scala:402)
	at scala.meta.internal.pc.completions.MatchCaseCompletions$CaseKeywordCompletion.<init>(MatchCaseCompletions.scala:68)
	at scala.meta.internal.pc.completions.Completions.completionPositionUnsafe(Completions.scala:491)
	at scala.meta.internal.pc.completions.Completions.completionPositionUnsafe$(Completions.scala:415)
	at scala.meta.internal.pc.MetalsGlobal.completionPositionUnsafe(MetalsGlobal.scala:30)
	at scala.meta.internal.pc.completions.Completions.completionPosition(Completions.scala:407)
	at scala.meta.internal.pc.completions.Completions.completionPosition$(Completions.scala:390)
	at scala.meta.internal.pc.MetalsGlobal.completionPosition(MetalsGlobal.scala:30)
	at scala.meta.internal.pc.CompletionProvider.safeCompletionsAt(CompletionProvider.scala:458)
	at scala.meta.internal.pc.CompletionProvider.completions(CompletionProvider.scala:58)
	at scala.meta.internal.pc.ScalaPresentationCompiler.$anonfun$complete$1(ScalaPresentationCompiler.scala:125)
	at scala.meta.internal.pc.CompilerAccess.withSharedCompiler(CompilerAccess.scala:137)
	at scala.meta.internal.pc.CompilerAccess.$anonfun$withInterruptableCompiler$1(CompilerAccess.scala:87)
	at scala.meta.internal.pc.CompilerAccess.$anonfun$onCompilerJobQueue$1(CompilerAccess.scala:197)
	at scala.meta.internal.pc.CompilerJobQueue$Job.run(CompilerJobQueue.scala:139)
	at java.base/java.util.concurrent.ThreadPoolExecutor.runWorker(ThreadPoolExecutor.java:1136)
	at java.base/java.util.concurrent.ThreadPoolExecutor$Worker.run(ThreadPoolExecutor.java:635)
	at java.base/java.lang.Thread.run(Thread.java:833)

Mar 14, 2022 10:37:09 PM scala.meta.internal.pc.completions.Completions completionPosition
SEVERE: Cannot invoke "scala.reflect.internal.Types$Type.typeSymbol()" because "selector" is null
java.lang.NullPointerException: Cannot invoke "scala.reflect.internal.Types$Type.typeSymbol()" because "selector" is null
	at scala.meta.internal.pc.completions.MatchCaseCompletions$Parents.<init>(MatchCaseCompletions.scala:412)
	at scala.meta.internal.pc.completions.MatchCaseCompletions$Parents.<init>(MatchCaseCompletions.scala:402)
	at scala.meta.internal.pc.completions.MatchCaseCompletions$CaseKeywordCompletion.<init>(MatchCaseCompletions.scala:68)
	at scala.meta.internal.pc.completions.Completions.completionPositionUnsafe(Completions.scala:491)
	at scala.meta.internal.pc.completions.Completions.completionPositionUnsafe$(Completions.scala:415)
	at scala.meta.internal.pc.MetalsGlobal.completionPositionUnsafe(MetalsGlobal.scala:30)
	at scala.meta.internal.pc.completions.Completions.completionPosition(Completions.scala:407)
	at scala.meta.internal.pc.completions.Completions.completionPosition$(Completions.scala:390)
	at scala.meta.internal.pc.MetalsGlobal.completionPosition(MetalsGlobal.scala:30)
	at scala.meta.internal.pc.CompletionProvider.safeCompletionsAt(CompletionProvider.scala:458)
	at scala.meta.internal.pc.CompletionProvider.completions(CompletionProvider.scala:58)
	at scala.meta.internal.pc.ScalaPresentationCompiler.$anonfun$complete$1(ScalaPresentationCompiler.scala:125)
	at scala.meta.internal.pc.CompilerAccess.withSharedCompiler(CompilerAccess.scala:137)
	at scala.meta.internal.pc.CompilerAccess.$anonfun$withInterruptableCompiler$1(CompilerAccess.scala:87)
	at scala.meta.internal.pc.CompilerAccess.$anonfun$onCompilerJobQueue$1(CompilerAccess.scala:197)
	at scala.meta.internal.pc.CompilerJobQueue$Job.run(CompilerJobQueue.scala:139)
	at java.base/java.util.concurrent.ThreadPoolExecutor.runWorker(ThreadPoolExecutor.java:1136)
	at java.base/java.util.concurrent.ThreadPoolExecutor$Worker.run(ThreadPoolExecutor.java:635)
	at java.base/java.lang.Thread.run(Thread.java:833)

2022.03.14 22:38:07 ERROR scalafmt: /home/us62/2-github/aoc/AdventOfCode-2021/src/main/scala/adventofcode/solutions/Day2.scala:16: error: [dialect scala213] ) expected but override found
  override def solutionB = 0
  ^[0m
2022.03.14 22:38:15 INFO  compiling root (1 scala source)[0m
2022.03.14 22:38:15 INFO  time: compiled root in 0.1s[0m
2022.03.14 22:38:34 INFO  compiling root (1 scala source)[0m
2022.03.14 22:38:34 INFO  time: compiled root in 0.1s[0m
2022.03.14 22:39:14 INFO  /home/us62/2-github/aoc/AdventOfCode-2021/src/main/scala/adventofcode/solutions/Day2.scala:10:13: stale bloop error: type mismatch;
 found   : (String, Int) => (Int, Int)
 required: Array[String] => ?
> (a: String, b: Int) => a match {
>           case "forward" => (b, 0)
>           case "up" => (0, -b)
>           case "down" => (0, b)
>           }[0m
2022.03.14 22:39:14 INFO  /home/us62/2-github/aoc/AdventOfCode-2021/src/main/scala/adventofcode/solutions/Day2.scala:10:13: stale bloop error: type mismatch;
 found   : (String, Int) => (Int, Int)
 required: Array[String] => ?
> (a: String, b: Int) => a match {
>           case "forward" => (b, 0)
>           case "up" => (0, -b)
>           case "down" => (0, b)
>           }[0m
2022.03.14 22:39:17 INFO  /home/us62/2-github/aoc/AdventOfCode-2021/src/main/scala/adventofcode/solutions/Day2.scala:10:13: stale bloop error: type mismatch;
 found   : (String, Int) => (Int, Int)
 required: Array[String] => ?
> (a: String, b: Int) => a match {
>           case "forward" => (b, 0)
>           case "up" => (0, -b)
>           case "down" => (0, b)
>           }[0m
2022.03.14 22:39:17 INFO  /home/us62/2-github/aoc/AdventOfCode-2021/src/main/scala/adventofcode/solutions/Day2.scala:10:13: stale bloop error: type mismatch;
 found   : (String, Int) => (Int, Int)
 required: Array[String] => ?
> (a: String, b: Int) => a match {
>           case "forward" => (b, 0)
>           case "up" => (0, -b)
>           case "down" => (0, b)
>           }[0m
2022.03.14 22:39:18 INFO  /home/us62/2-github/aoc/AdventOfCode-2021/src/main/scala/adventofcode/solutions/Day2.scala:10:13: stale bloop error: type mismatch;
 found   : (String, Int) => (Int, Int)
 required: Array[String] => ?
> (a: String, b: Int) => a match {
>           case "forward" => (b, 0)
>           case "up" => (0, -b)
>           case "down" => (0, b)
>           }[0m
2022.03.14 22:39:18 INFO  /home/us62/2-github/aoc/AdventOfCode-2021/src/main/scala/adventofcode/solutions/Day2.scala:10:13: stale bloop error: type mismatch;
 found   : (String, Int) => (Int, Int)
 required: Array[String] => ?
> (a: String, b: Int) => a match {
>           case "forward" => (b, 0)
>           case "up" => (0, -b)
>           case "down" => (0, b)
>           }[0m
2022.03.14 22:39:19 INFO  compiling root (1 scala source)[0m
2022.03.14 22:39:19 INFO  time: compiled root in 0.14s[0m
2022.03.14 22:39:34 INFO  compiling root (1 scala source)[0m
2022.03.14 22:39:34 INFO  time: compiled root in 0.1s[0m
2022.03.14 22:39:40 INFO  /home/us62/2-github/aoc/AdventOfCode-2021/src/main/scala/adventofcode/solutions/Day2.scala:10:13: stale bloop error: type mismatch;
 found   : (String, String) => (String, String)
 required: Array[String] => ?
> (a: String, b: String) => a match {
>           case "forward" => (b, "0")
>           case "up" => ("0", b)
>           case "down" => ("0", b)
>           }[0m
2022.03.14 22:39:40 INFO  /home/us62/2-github/aoc/AdventOfCode-2021/src/main/scala/adventofcode/solutions/Day2.scala:10:13: stale bloop error: type mismatch;
 found   : (String, String) => (String, String)
 required: Array[String] => ?
> (a: String, b: String) => a match {
>           case "forward" => (b, "0")
>           case "up" => ("0", b)
>           case "down" => ("0", b)
>           }[0m
2022.03.14 22:39:40 INFO  /home/us62/2-github/aoc/AdventOfCode-2021/src/main/scala/adventofcode/solutions/Day2.scala:10:13: stale bloop error: type mismatch;
 found   : (String, String) => (String, String)
 required: Array[String] => ?
> (a: String, b: String) => a match {
>           case "forward" => (b, "0")
>           case "up" => ("0", b)
>           case "down" => ("0", b)
>           }[0m
2022.03.14 22:39:40 INFO  /home/us62/2-github/aoc/AdventOfCode-2021/src/main/scala/adventofcode/solutions/Day2.scala:10:13: stale bloop error: type mismatch;
 found   : (String, String) => (String, String)
 required: Array[String] => ?
> (a: String, b: String) => a match {
>           case "forward" => (b, "0")
>           case "up" => ("0", b)
>           case "down" => ("0", b)
>           }[0m
2022.03.14 22:39:40 INFO  /home/us62/2-github/aoc/AdventOfCode-2021/src/main/scala/adventofcode/solutions/Day2.scala:10:13: stale bloop error: type mismatch;
 found   : (String, String) => (String, String)
 required: Array[String] => ?
> (a: String, b: String) => a match {
>           case "forward" => (b, "0")
>           case "up" => ("0", b)
>           case "down" => ("0", b)
>           }[0m
2022.03.14 22:39:40 INFO  /home/us62/2-github/aoc/AdventOfCode-2021/src/main/scala/adventofcode/solutions/Day2.scala:10:13: stale bloop error: type mismatch;
 found   : (String, String) => (String, String)
 required: Array[String] => ?
> (a: String, b: String) => a match {
>           case "forward" => (b, "0")
>           case "up" => ("0", b)
>           case "down" => ("0", b)
>           }[0m
2022.03.14 22:40:02 INFO  compiling root (1 scala source)[0m
2022.03.14 22:40:02 INFO  time: compiled root in 90ms[0m
2022.03.14 22:40:17 INFO  compiling root (1 scala source)[0m
2022.03.14 22:40:17 INFO  time: compiled root in 94ms[0m
2022.03.14 22:41:24 INFO  compiling root (1 scala source)[0m
2022.03.14 22:41:24 INFO  time: compiled root in 0.12s[0m
2022.03.14 22:41:52 INFO  compiling root (1 scala source)[0m
2022.03.14 22:41:52 INFO  time: compiled root in 51ms[0m
2022.03.14 22:42:41 INFO  compiling root (1 scala source)[0m
2022.03.14 22:42:41 INFO  time: compiled root in 51ms[0m
2022.03.14 22:43:05 ERROR scalafmt: /home/us62/2-github/aoc/AdventOfCode-2021/src/main/scala/adventofcode/solutions/Day2.scala:13: error: [dialect scala213] ) expected but match found
      a._1 match {
           ^[0m
2022.03.14 22:43:18 INFO  compiling root (1 scala source)[0m
2022.03.14 22:43:18 INFO  time: compiled root in 44ms[0m
2022.03.14 22:43:43 INFO  compiling root (1 scala source)[0m
2022.03.14 22:43:43 INFO  time: compiled root in 93ms[0m
2022.03.14 22:44:16 INFO  compiling root (1 scala source)[0m
2022.03.14 22:44:16 INFO  time: compiled root in 88ms[0m
2022.03.14 22:44:39 INFO  compiling root (1 scala source)[0m
2022.03.14 22:44:39 INFO  time: compiled root in 0.1s[0m
2022.03.14 22:44:48 INFO  compiling root (1 scala source)[0m
2022.03.14 22:44:48 INFO  time: compiled root in 85ms[0m
2022.03.14 22:47:48 INFO  compiling root (1 scala source)[0m
2022.03.14 22:47:48 INFO  time: compiled root in 92ms[0m
2022.03.14 22:47:57 INFO  compiling root (1 scala source)[0m
2022.03.14 22:47:57 INFO  time: compiled root in 88ms[0m
2022.03.14 22:48:03 INFO  compiling root (1 scala source)[0m
2022.03.14 22:48:03 INFO  time: compiled root in 84ms[0m
2022.03.14 22:48:05 INFO  compiling root (1 scala source)[0m
2022.03.14 22:48:05 INFO  time: compiled root in 87ms[0m
2022.03.14 22:48:17 INFO  compiling root (1 scala source)[0m
2022.03.14 22:48:17 INFO  time: compiled root in 81ms[0m
2022.03.14 22:48:32 INFO  compiling root (1 scala source)[0m
2022.03.14 22:48:32 INFO  time: compiled root in 0.1s[0m
2022.03.14 22:48:48 INFO  compiling root (1 scala source)[0m
2022.03.14 22:48:48 INFO  time: compiled root in 99ms[0m
2022.03.14 22:48:58 INFO  compiling root (1 scala source)[0m
2022.03.14 22:48:58 INFO  time: compiled root in 93ms[0m
2022.03.14 22:49:04 INFO  compiling root (1 scala source)[0m
2022.03.14 22:49:04 INFO  time: compiled root in 0.64s[0m
2022.03.14 22:50:57 INFO  compiling root (1 scala source)[0m
2022.03.14 22:50:57 INFO  time: compiled root in 0.64s[0m
Mar 14, 2022 10:51:19 PM scala.meta.internal.pc.CompletionProvider expected$1
WARNING: offset 474, count -1, length 549
2022.03.14 22:51:21 INFO  compiling root (1 scala source)[0m
2022.03.14 22:51:21 INFO  time: compiled root in 98ms[0m
2022.03.14 22:52:29 INFO  compiling root (1 scala source)[0m
2022.03.14 22:52:29 INFO  time: compiled root in 0.65s[0m
2022.03.14 23:00:25 INFO  compiling root (1 scala source)[0m
2022.03.14 23:00:25 INFO  time: compiled root in 43ms[0m
2022.03.14 23:01:31 INFO  /home/us62/2-github/aoc/AdventOfCode-2021/src/main/scala/adventofcode/solutions/Day2.scala:25:3: stale bloop error: illegal start of simple pattern
  override def solutionB = 0
  ^[0m
2022.03.14 23:01:31 INFO  /home/us62/2-github/aoc/AdventOfCode-2021/src/main/scala/adventofcode/solutions/Day2.scala:27:1: stale bloop error: '=' expected but '}' found.
}
^[0m
2022.03.14 23:01:31 INFO  /home/us62/2-github/aoc/AdventOfCode-2021/src/main/scala/adventofcode/solutions/Day2.scala:25:3: stale bloop error: illegal start of simple pattern
  override def solutionB = 0
  ^[0m
2022.03.14 23:01:31 INFO  /home/us62/2-github/aoc/AdventOfCode-2021/src/main/scala/adventofcode/solutions/Day2.scala:27:1: stale bloop error: '=' expected but '}' found.
}
^[0m
2022.03.14 23:02:08 INFO  compiling root (1 scala source)[0m
2022.03.14 23:02:08 INFO  time: compiled root in 0.18s[0m
2022.03.14 23:02:25 INFO  compiling root (1 scala source)[0m
2022.03.14 23:02:25 INFO  time: compiled root in 0.14s[0m
2022.03.14 23:02:44 INFO  compiling root (1 scala source)[0m
2022.03.14 23:02:44 INFO  time: compiled root in 0.17s[0m
2022.03.14 23:04:00 INFO  compiling root (1 scala source)[0m
2022.03.14 23:04:00 INFO  time: compiled root in 0.16s[0m
2022.03.14 23:04:15 INFO  compiling root (1 scala source)[0m
2022.03.14 23:04:16 INFO  time: compiled root in 1.05s[0m
2022.03.14 23:04:20 INFO  compiling root (1 scala source)[0m
2022.03.14 23:04:20 INFO  time: compiled root in 0.86s[0m
2022.03.14 23:04:51 INFO  compiling root (1 scala source)[0m
2022.03.14 23:04:51 INFO  time: compiled root in 0.94s[0m
2022.03.14 23:05:39 INFO  compiling root (1 scala source)[0m
2022.03.14 23:05:39 INFO  time: compiled root in 0.72s[0m
2022.03.14 23:06:50 INFO  compiling root (1 scala source)[0m
2022.03.14 23:06:50 INFO  time: compiled root in 0.77s[0m
2022.03.14 23:09:33 INFO  compiling root (1 scala source)[0m
2022.03.14 23:09:33 INFO  time: compiled root in 49ms[0m
2022.03.14 23:11:02 INFO  compiling root (1 scala source)[0m
2022.03.14 23:11:02 INFO  time: compiled root in 44ms[0m
2022.03.14 23:11:25 INFO  compiling root (1 scala source)[0m
2022.03.14 23:11:25 INFO  time: compiled root in 0.73s[0m
2022.03.14 23:11:37 INFO  compiling root (1 scala source)[0m
2022.03.14 23:11:37 INFO  time: compiled root in 1s[0m
2022.03.14 23:12:17 INFO  compiling root (1 scala source)[0m
2022.03.14 23:12:17 INFO  time: compiled root in 0.7s[0m
2022.03.14 23:12:22 INFO  compiling root (1 scala source)[0m
2022.03.14 23:12:22 INFO  time: compiled root in 0.73s[0m
2022.03.14 23:14:12 INFO  compiling root (1 scala source)[0m
2022.03.14 23:14:12 INFO  time: compiled root in 0.67s[0m
2022.03.14 23:14:20 INFO  compiling root (1 scala source)[0m
2022.03.14 23:14:20 INFO  time: compiled root in 0.67s[0m
2022.03.14 23:16:28 INFO  compiling root (1 scala source)[0m
2022.03.14 23:16:28 INFO  time: compiled root in 0.67s[0m
2022.03.14 23:17:40 INFO  compiling root (1 scala source)[0m
2022.03.14 23:17:40 INFO  time: compiled root in 0.73s[0m
2022.03.14 23:17:52 INFO  compiling root (1 scala source)[0m
2022.03.14 23:17:52 INFO  time: compiled root in 0.7s[0m
2022.03.14 23:18:00 INFO  compiling root (1 scala source)[0m
2022.03.14 23:18:00 INFO  time: compiled root in 0.92s[0m
2022.03.14 23:18:48 INFO  compiling root (1 scala source)[0m
2022.03.14 23:18:48 INFO  time: compiled root in 0.68s[0m
2022.03.14 23:21:56 INFO  compiling root (1 scala source)[0m
2022.03.14 23:21:56 INFO  time: compiled root in 0.68s[0m
2022.03.14 23:23:34 INFO  compiling root (1 scala source)[0m
2022.03.14 23:23:34 INFO  time: compiled root in 0.64s[0m
2022.03.14 23:24:17 INFO  compiling root (1 scala source)[0m
2022.03.14 23:24:17 INFO  time: compiled root in 0.69s[0m
2022.03.14 23:26:28 INFO  compiling root (1 scala source)[0m
2022.03.14 23:26:28 INFO  time: compiled root in 0.65s[0m
2022.03.14 23:28:09 INFO  compiling root (1 scala source)[0m
2022.03.14 23:28:09 INFO  time: compiled root in 0.11s[0m
2022.03.14 23:28:18 INFO  /home/us62/2-github/aoc/AdventOfCode-2021/src/main/scala/adventofcode/solutions/Day2.scala:34:24: stale bloop error: value _1 is not a member of Product with java.io.Serializable
    .reduce((a, b) => (a._1 + b._1, a._2 + b._2, (a._1 * b._2)))
                       ^^^^[0m
2022.03.14 23:28:18 INFO  /home/us62/2-github/aoc/AdventOfCode-2021/src/main/scala/adventofcode/solutions/Day2.scala:34:31: stale bloop error: value _1 is not a member of Product with java.io.Serializable
    .reduce((a, b) => (a._1 + b._1, a._2 + b._2, (a._1 * b._2)))
                              ^^^^[0m
2022.03.14 23:28:18 INFO  /home/us62/2-github/aoc/AdventOfCode-2021/src/main/scala/adventofcode/solutions/Day2.scala:34:37: stale bloop error: value _2 is not a member of Product with java.io.Serializable
    .reduce((a, b) => (a._1 + b._1, a._2 + b._2, (a._1 * b._2)))
                                    ^^^^[0m
2022.03.14 23:28:18 INFO  /home/us62/2-github/aoc/AdventOfCode-2021/src/main/scala/adventofcode/solutions/Day2.scala:34:44: stale bloop error: value _2 is not a member of Product with java.io.Serializable
    .reduce((a, b) => (a._1 + b._1, a._2 + b._2, (a._1 * b._2)))
                                           ^^^^[0m
2022.03.14 23:28:18 INFO  /home/us62/2-github/aoc/AdventOfCode-2021/src/main/scala/adventofcode/solutions/Day2.scala:34:51: stale bloop error: value _1 is not a member of Product with java.io.Serializable
    .reduce((a, b) => (a._1 + b._1, a._2 + b._2, (a._1 * b._2)))
                                                  ^^^^[0m
2022.03.14 23:28:18 INFO  /home/us62/2-github/aoc/AdventOfCode-2021/src/main/scala/adventofcode/solutions/Day2.scala:34:58: stale bloop error: value _2 is not a member of Product with java.io.Serializable
    .reduce((a, b) => (a._1 + b._1, a._2 + b._2, (a._1 * b._2)))
                                                         ^^^^[0m
2022.03.14 23:28:18 INFO  /home/us62/2-github/aoc/AdventOfCode-2021/src/main/scala/adventofcode/solutions/Day2.scala:36:28: stale bloop error: value _2 is not a member of Product with java.io.Serializable
  override def solutionB = calcB._2*calcB._3
                           ^^^^^^^^[0m
2022.03.14 23:28:18 INFO  /home/us62/2-github/aoc/AdventOfCode-2021/src/main/scala/adventofcode/solutions/Day2.scala:36:37: stale bloop error: value _3 is not a member of Product with java.io.Serializable
  override def solutionB = calcB._2*calcB._3
                                    ^^^^^^^^[0m
2022.03.14 23:28:18 INFO  /home/us62/2-github/aoc/AdventOfCode-2021/src/main/scala/adventofcode/solutions/Day2.scala:34:24: stale bloop error: value _1 is not a member of Product with java.io.Serializable
    .reduce((a, b) => (a._1 + b._1, a._2 + b._2, (a._1 * b._2)))
                       ^^^^[0m
2022.03.14 23:28:18 INFO  /home/us62/2-github/aoc/AdventOfCode-2021/src/main/scala/adventofcode/solutions/Day2.scala:34:31: stale bloop error: value _1 is not a member of Product with java.io.Serializable
    .reduce((a, b) => (a._1 + b._1, a._2 + b._2, (a._1 * b._2)))
                              ^^^^[0m
2022.03.14 23:28:18 INFO  /home/us62/2-github/aoc/AdventOfCode-2021/src/main/scala/adventofcode/solutions/Day2.scala:34:37: stale bloop error: value _2 is not a member of Product with java.io.Serializable
    .reduce((a, b) => (a._1 + b._1, a._2 + b._2, (a._1 * b._2)))
                                    ^^^^[0m
2022.03.14 23:28:18 INFO  /home/us62/2-github/aoc/AdventOfCode-2021/src/main/scala/adventofcode/solutions/Day2.scala:34:44: stale bloop error: value _2 is not a member of Product with java.io.Serializable
    .reduce((a, b) => (a._1 + b._1, a._2 + b._2, (a._1 * b._2)))
                                           ^^^^[0m
2022.03.14 23:28:18 INFO  /home/us62/2-github/aoc/AdventOfCode-2021/src/main/scala/adventofcode/solutions/Day2.scala:34:51: stale bloop error: value _1 is not a member of Product with java.io.Serializable
    .reduce((a, b) => (a._1 + b._1, a._2 + b._2, (a._1 * b._2)))
                                                  ^^^^[0m
2022.03.14 23:28:18 INFO  /home/us62/2-github/aoc/AdventOfCode-2021/src/main/scala/adventofcode/solutions/Day2.scala:34:58: stale bloop error: value _2 is not a member of Product with java.io.Serializable
    .reduce((a, b) => (a._1 + b._1, a._2 + b._2, (a._1 * b._2)))
                                                         ^^^^[0m
2022.03.14 23:28:18 INFO  /home/us62/2-github/aoc/AdventOfCode-2021/src/main/scala/adventofcode/solutions/Day2.scala:36:28: stale bloop error: value _2 is not a member of Product with java.io.Serializable
  override def solutionB = calcB._2*calcB._3
                           ^^^^^^^^[0m
2022.03.14 23:28:18 INFO  /home/us62/2-github/aoc/AdventOfCode-2021/src/main/scala/adventofcode/solutions/Day2.scala:36:37: stale bloop error: value _3 is not a member of Product with java.io.Serializable
  override def solutionB = calcB._2*calcB._3
                                    ^^^^^^^^[0m
2022.03.14 23:28:20 INFO  compiling root (1 scala source)[0m
2022.03.14 23:28:20 INFO  time: compiled root in 0.1s[0m
2022.03.14 23:28:37 INFO  compiling root (1 scala source)[0m
2022.03.14 23:28:37 INFO  time: compiled root in 98ms[0m
2022.03.14 23:28:48 INFO  compiling root (1 scala source)[0m
2022.03.14 23:28:48 INFO  time: compiled root in 41ms[0m
2022.03.14 23:28:56 INFO  compiling root (1 scala source)[0m
2022.03.14 23:28:56 INFO  time: compiled root in 51ms[0m
2022.03.14 23:29:01 INFO  compiling root (1 scala source)[0m
2022.03.14 23:29:01 INFO  time: compiled root in 97ms[0m
2022.03.14 23:29:08 INFO  compiling root (1 scala source)[0m
2022.03.14 23:29:08 INFO  time: compiled root in 0.64s[0m
2022.03.14 23:29:37 INFO  compiling root (1 scala source)[0m
2022.03.14 23:29:37 INFO  time: compiled root in 0.84s[0m
2022.03.14 23:30:24 INFO  compiling root (1 scala source)[0m
2022.03.14 23:30:24 INFO  time: compiled root in 88ms[0m
2022.03.14 23:35:46 INFO  /home/us62/2-github/aoc/AdventOfCode-2021/src/main/scala/adventofcode/solutions/Day2.scala:34:24: stale bloop error: type mismatch;
 found   : Int
 required: (Int, Int)
    .reduce((a, b) => (a._2))
                       ^^^^[0m
2022.03.14 23:35:46 INFO  /home/us62/2-github/aoc/AdventOfCode-2021/src/main/scala/adventofcode/solutions/Day2.scala:34:24: stale bloop error: type mismatch;
 found   : Int
 required: (Int, Int)
    .reduce((a, b) => (a._2))
                       ^^^^[0m
2022.03.14 23:35:49 INFO  compiling root (1 scala source)[0m
2022.03.14 23:35:49 INFO  time: compiled root in 92ms[0m
2022.03.14 23:35:52 INFO  /home/us62/2-github/aoc/AdventOfCode-2021/src/main/scala/adventofcode/solutions/Day2.scala:28:27: stale bloop error: missing parameter type
        case "forward" => z => (z._1 + a.tail.head,z._2*a.tail.head)
                          ^[0m
2022.03.14 23:35:52 INFO  /home/us62/2-github/aoc/AdventOfCode-2021/src/main/scala/adventofcode/solutions/Day2.scala:29:27: stale bloop error: missing parameter type
        case "up"      => z => (0,0, z._3+a.tail.head)
                          ^[0m
2022.03.14 23:35:52 INFO  /home/us62/2-github/aoc/AdventOfCode-2021/src/main/scala/adventofcode/solutions/Day2.scala:30:27: stale bloop error: missing parameter type
        case "down"    => z => (0,0, z._3+a.tail.head)
                          ^[0m
2022.03.14 23:35:52 INFO  /home/us62/2-github/aoc/AdventOfCode-2021/src/main/scala/adventofcode/solutions/Day2.scala:31:27: stale bloop error: missing parameter type
        case _         => z => z
                          ^[0m
2022.03.14 23:35:52 INFO  /home/us62/2-github/aoc/AdventOfCode-2021/src/main/scala/adventofcode/solutions/Day2.scala:28:27: stale bloop error: missing parameter type
        case "forward" => z => (z._1 + a.tail.head,z._2*a.tail.head)
                          ^[0m
2022.03.14 23:35:52 INFO  /home/us62/2-github/aoc/AdventOfCode-2021/src/main/scala/adventofcode/solutions/Day2.scala:29:27: stale bloop error: missing parameter type
        case "up"      => z => (0,0, z._3+a.tail.head)
                          ^[0m
2022.03.14 23:35:52 INFO  /home/us62/2-github/aoc/AdventOfCode-2021/src/main/scala/adventofcode/solutions/Day2.scala:30:27: stale bloop error: missing parameter type
        case "down"    => z => (0,0, z._3+a.tail.head)
                          ^[0m
2022.03.14 23:35:52 INFO  /home/us62/2-github/aoc/AdventOfCode-2021/src/main/scala/adventofcode/solutions/Day2.scala:31:27: stale bloop error: missing parameter type
        case _         => z => z
                          ^[0m
2022.03.14 23:35:55 INFO  compiling root (1 scala source)[0m
2022.03.14 23:35:55 INFO  time: compiled root in 85ms[0m
2022.03.14 23:36:13 INFO  compiling root (1 scala source)[0m
2022.03.14 23:36:13 INFO  time: compiled root in 98ms[0m
2022.03.14 23:36:38 INFO  compiling root (1 scala source)[0m
2022.03.14 23:36:38 INFO  time: compiled root in 0.1s[0m
2022.03.14 23:36:53 INFO  compiling root (1 scala source)[0m
2022.03.14 23:36:53 INFO  time: compiled root in 88ms[0m
2022.03.14 23:37:24 INFO  compiling root (1 scala source)[0m
2022.03.14 23:37:24 INFO  time: compiled root in 92ms[0m
2022.03.14 23:37:52 INFO  compiling root (1 scala source)[0m
2022.03.14 23:37:52 INFO  time: compiled root in 0.11s[0m
2022.03.14 23:38:04 INFO  compiling root (1 scala source)[0m
2022.03.14 23:38:04 INFO  time: compiled root in 41ms[0m
2022.03.14 23:38:21 INFO  /home/us62/2-github/aoc/AdventOfCode-2021/src/main/scala/adventofcode/solutions/Day2.scala:31:27: stale bloop error: unbound placeholder parameter
        case _         => _
                          ^[0m
2022.03.14 23:38:21 INFO  /home/us62/2-github/aoc/AdventOfCode-2021/src/main/scala/adventofcode/solutions/Day2.scala:31:27: stale bloop error: unbound placeholder parameter
        case _         => _
                          ^[0m
2022.03.14 23:38:27 INFO  compiling root (1 scala source)[0m
2022.03.14 23:38:27 INFO  time: compiled root in 0.1s[0m
2022.03.14 23:38:31 INFO  compiling root (1 scala source)[0m
2022.03.14 23:38:31 INFO  time: compiled root in 0.1s[0m
2022.03.14 23:39:12 INFO  /home/us62/2-github/aoc/AdventOfCode-2021/src/main/scala/adventofcode/solutions/Day2.scala:36:28: stale bloop error: value _1 is not a member of IndexedSeq[((Int, Int, Int)) => (Any, Int, Any)]
  override def solutionB = calcB._1*calcB._2
                           ^^^^^^^^[0m
2022.03.14 23:39:12 INFO  /home/us62/2-github/aoc/AdventOfCode-2021/src/main/scala/adventofcode/solutions/Day2.scala:36:37: stale bloop error: value _2 is not a member of IndexedSeq[((Int, Int, Int)) => (Any, Int, Any)]
  override def solutionB = calcB._1*calcB._2
                                    ^^^^^^^^[0m
2022.03.14 23:39:12 INFO  /home/us62/2-github/aoc/AdventOfCode-2021/src/main/scala/adventofcode/solutions/Day2.scala:36:28: stale bloop error: value _1 is not a member of IndexedSeq[((Int, Int, Int)) => (Any, Int, Any)]
  override def solutionB = calcB._1*calcB._2
                           ^^^^^^^^[0m
2022.03.14 23:39:12 INFO  /home/us62/2-github/aoc/AdventOfCode-2021/src/main/scala/adventofcode/solutions/Day2.scala:36:37: stale bloop error: value _2 is not a member of IndexedSeq[((Int, Int, Int)) => (Any, Int, Any)]
  override def solutionB = calcB._1*calcB._2
                                    ^^^^^^^^[0m
2022.03.14 23:39:12 INFO  /home/us62/2-github/aoc/AdventOfCode-2021/src/main/scala/adventofcode/solutions/Day2.scala:36:28: stale bloop error: value _1 is not a member of IndexedSeq[((Int, Int, Int)) => (Any, Int, Any)]
  override def solutionB = calcB._1*calcB._2
                           ^^^^^^^^[0m
2022.03.14 23:39:12 INFO  /home/us62/2-github/aoc/AdventOfCode-2021/src/main/scala/adventofcode/solutions/Day2.scala:36:37: stale bloop error: value _2 is not a member of IndexedSeq[((Int, Int, Int)) => (Any, Int, Any)]
  override def solutionB = calcB._1*calcB._2
                                    ^^^^^^^^[0m
2022.03.14 23:39:13 INFO  /home/us62/2-github/aoc/AdventOfCode-2021/src/main/scala/adventofcode/solutions/Day2.scala:36:28: stale bloop error: value _1 is not a member of IndexedSeq[((Int, Int, Int)) => (Any, Int, Any)]
  override def solutionB = calcB._1*calcB._2
                           ^^^^^^^^[0m
2022.03.14 23:39:13 INFO  /home/us62/2-github/aoc/AdventOfCode-2021/src/main/scala/adventofcode/solutions/Day2.scala:36:37: stale bloop error: value _2 is not a member of IndexedSeq[((Int, Int, Int)) => (Any, Int, Any)]
  override def solutionB = calcB._1*calcB._2
                                    ^^^^^^^^[0m
2022.03.14 23:39:12 INFO  /home/us62/2-github/aoc/AdventOfCode-2021/src/main/scala/adventofcode/solutions/Day2.scala:36:28: stale bloop error: value _1 is not a member of IndexedSeq[((Int, Int, Int)) => (Any, Int, Any)]
  override def solutionB = calcB._1*calcB._2
                           ^^^^^^^^[0m
2022.03.14 23:39:12 INFO  /home/us62/2-github/aoc/AdventOfCode-2021/src/main/scala/adventofcode/solutions/Day2.scala:36:37: stale bloop error: value _2 is not a member of IndexedSeq[((Int, Int, Int)) => (Any, Int, Any)]
  override def solutionB = calcB._1*calcB._2
                                    ^^^^^^^^[0m
2022.03.14 23:39:13 INFO  /home/us62/2-github/aoc/AdventOfCode-2021/src/main/scala/adventofcode/solutions/Day2.scala:36:28: stale bloop error: value _1 is not a member of IndexedSeq[((Int, Int, Int)) => (Any, Int, Any)]
  override def solutionB = calcB._1*calcB._2
                           ^^^^^^^^[0m
2022.03.14 23:39:13 INFO  /home/us62/2-github/aoc/AdventOfCode-2021/src/main/scala/adventofcode/solutions/Day2.scala:36:37: stale bloop error: value _2 is not a member of IndexedSeq[((Int, Int, Int)) => (Any, Int, Any)]
  override def solutionB = calcB._1*calcB._2
                                    ^^^^^^^^[0m
2022.03.14 23:39:12 INFO  /home/us62/2-github/aoc/AdventOfCode-2021/src/main/scala/adventofcode/solutions/Day2.scala:36:28: stale bloop error: value _1 is not a member of IndexedSeq[((Int, Int, Int)) => (Any, Int, Any)]
  override def solutionB = calcB._1*calcB._2
                           ^^^^^^^^[0m
2022.03.14 23:39:12 INFO  /home/us62/2-github/aoc/AdventOfCode-2021/src/main/scala/adventofcode/solutions/Day2.scala:36:37: stale bloop error: value _2 is not a member of IndexedSeq[((Int, Int, Int)) => (Any, Int, Any)]
  override def solutionB = calcB._1*calcB._2
                                    ^^^^^^^^[0m
2022.03.14 23:39:12 INFO  /home/us62/2-github/aoc/AdventOfCode-2021/src/main/scala/adventofcode/solutions/Day2.scala:36:28: stale bloop error: value _1 is not a member of IndexedSeq[((Int, Int, Int)) => (Any, Int, Any)]
  override def solutionB = calcB._1*calcB._2
                           ^^^^^^^^[0m
2022.03.14 23:39:12 INFO  /home/us62/2-github/aoc/AdventOfCode-2021/src/main/scala/adventofcode/solutions/Day2.scala:36:37: stale bloop error: value _2 is not a member of IndexedSeq[((Int, Int, Int)) => (Any, Int, Any)]
  override def solutionB = calcB._1*calcB._2
                                    ^^^^^^^^[0m
2022.03.14 23:41:01 INFO  compiling root (1 scala source)[0m
2022.03.14 23:41:01 INFO  time: compiled root in 0.11s[0m
2022.03.14 23:41:29 INFO  /home/us62/2-github/aoc/AdventOfCode-2021/src/main/scala/adventofcode/solutions/Day2.scala:28:68: stale bloop error: value _1 is not a member of Map[String,Int]
        case "forward" => z:Map[String,Int] => Map("horizontal" -> z._1 + a.tail.head,0,0)
                                                                   ^^^^[0m
2022.03.14 23:41:29 INFO  /home/us62/2-github/aoc/AdventOfCode-2021/src/main/scala/adventofcode/solutions/Day2.scala:28:87: stale bloop error: type mismatch;
 found   : Int(0)
 required: (?, ?)
        case "forward" => z:Map[String,Int] => Map("horizontal" -> z._1 + a.tail.head,0,0)
                                                                                      ^[0m
2022.03.14 23:41:29 INFO  /home/us62/2-github/aoc/AdventOfCode-2021/src/main/scala/adventofcode/solutions/Day2.scala:28:89: stale bloop error: type mismatch;
 found   : Int(0)
 required: (?, ?)
        case "forward" => z:Map[String,Int] => Map("horizontal" -> z._1 + a.tail.head,0,0)
                                                                                        ^[0m
2022.03.14 23:41:29 INFO  /home/us62/2-github/aoc/AdventOfCode-2021/src/main/scala/adventofcode/solutions/Day2.scala:29:54: stale bloop error: value _3 is not a member of Map[String,Int]
        case "up"      => z:Map[String,Int] => (0,0, z._3+a.tail.head)
                                                     ^^^^[0m
2022.03.14 23:41:29 INFO  /home/us62/2-github/aoc/AdventOfCode-2021/src/main/scala/adventofcode/solutions/Day2.scala:30:54: stale bloop error: value _3 is not a member of Map[String,Int]
        case "down"    => z:Map[String,Int] => (0,0, z._3+a.tail.head)
                                                     ^^^^[0m
2022.03.14 23:41:29 INFO  /home/us62/2-github/aoc/AdventOfCode-2021/src/main/scala/adventofcode/solutions/Day2.scala:28:68: stale bloop error: value _1 is not a member of Map[String,Int]
        case "forward" => z:Map[String,Int] => Map("horizontal" -> z._1 + a.tail.head,0,0)
                                                                   ^^^^[0m
2022.03.14 23:41:29 INFO  /home/us62/2-github/aoc/AdventOfCode-2021/src/main/scala/adventofcode/solutions/Day2.scala:28:87: stale bloop error: type mismatch;
 found   : Int(0)
 required: (?, ?)
        case "forward" => z:Map[String,Int] => Map("horizontal" -> z._1 + a.tail.head,0,0)
                                                                                      ^[0m
2022.03.14 23:41:29 INFO  /home/us62/2-github/aoc/AdventOfCode-2021/src/main/scala/adventofcode/solutions/Day2.scala:28:89: stale bloop error: type mismatch;
 found   : Int(0)
 required: (?, ?)
        case "forward" => z:Map[String,Int] => Map("horizontal" -> z._1 + a.tail.head,0,0)
                                                                                        ^[0m
2022.03.14 23:41:29 INFO  /home/us62/2-github/aoc/AdventOfCode-2021/src/main/scala/adventofcode/solutions/Day2.scala:29:54: stale bloop error: value _3 is not a member of Map[String,Int]
        case "up"      => z:Map[String,Int] => (0,0, z._3+a.tail.head)
                                                     ^^^^[0m
2022.03.14 23:41:29 INFO  /home/us62/2-github/aoc/AdventOfCode-2021/src/main/scala/adventofcode/solutions/Day2.scala:30:54: stale bloop error: value _3 is not a member of Map[String,Int]
        case "down"    => z:Map[String,Int] => (0,0, z._3+a.tail.head)
                                                     ^^^^[0m
2022.03.14 23:41:30 INFO  /home/us62/2-github/aoc/AdventOfCode-2021/src/main/scala/adventofcode/solutions/Day2.scala:28:68: stale bloop error: value _1 is not a member of Map[String,Int]
        case "forward" => z:Map[String,Int] => Map("horizontal" -> z._1 + a.tail.head,0,0)
                                                                   ^^^^[0m
2022.03.14 23:41:30 INFO  /home/us62/2-github/aoc/AdventOfCode-2021/src/main/scala/adventofcode/solutions/Day2.scala:28:87: stale bloop error: type mismatch;
 found   : Int(0)
 required: (?, ?)
        case "forward" => z:Map[String,Int] => Map("horizontal" -> z._1 + a.tail.head,0,0)
                                                                                      ^[0m
2022.03.14 23:41:30 INFO  /home/us62/2-github/aoc/AdventOfCode-2021/src/main/scala/adventofcode/solutions/Day2.scala:28:89: stale bloop error: type mismatch;
 found   : Int(0)
 required: (?, ?)
        case "forward" => z:Map[String,Int] => Map("horizontal" -> z._1 + a.tail.head,0,0)
                                                                                        ^[0m
2022.03.14 23:41:30 INFO  /home/us62/2-github/aoc/AdventOfCode-2021/src/main/scala/adventofcode/solutions/Day2.scala:29:54: stale bloop error: value _3 is not a member of Map[String,Int]
        case "up"      => z:Map[String,Int] => (0,0, z._3+a.tail.head)
                                                     ^^^^[0m
2022.03.14 23:41:30 INFO  /home/us62/2-github/aoc/AdventOfCode-2021/src/main/scala/adventofcode/solutions/Day2.scala:30:54: stale bloop error: value _3 is not a member of Map[String,Int]
        case "down"    => z:Map[String,Int] => (0,0, z._3+a.tail.head)
                                                     ^^^^[0m
2022.03.14 23:41:30 INFO  /home/us62/2-github/aoc/AdventOfCode-2021/src/main/scala/adventofcode/solutions/Day2.scala:28:68: stale bloop error: value _1 is not a member of Map[String,Int]
        case "forward" => z:Map[String,Int] => Map("horizontal" -> z._1 + a.tail.head,0,0)
                                                                   ^^^^[0m
2022.03.14 23:41:30 INFO  /home/us62/2-github/aoc/AdventOfCode-2021/src/main/scala/adventofcode/solutions/Day2.scala:28:87: stale bloop error: type mismatch;
 found   : Int(0)
 required: (?, ?)
        case "forward" => z:Map[String,Int] => Map("horizontal" -> z._1 + a.tail.head,0,0)
                                                                                      ^[0m
2022.03.14 23:41:30 INFO  /home/us62/2-github/aoc/AdventOfCode-2021/src/main/scala/adventofcode/solutions/Day2.scala:28:89: stale bloop error: type mismatch;
 found   : Int(0)
 required: (?, ?)
        case "forward" => z:Map[String,Int] => Map("horizontal" -> z._1 + a.tail.head,0,0)
                                                                                        ^[0m
2022.03.14 23:41:30 INFO  /home/us62/2-github/aoc/AdventOfCode-2021/src/main/scala/adventofcode/solutions/Day2.scala:29:54: stale bloop error: value _3 is not a member of Map[String,Int]
        case "up"      => z:Map[String,Int] => (0,0, z._3+a.tail.head)
                                                     ^^^^[0m
2022.03.14 23:41:30 INFO  /home/us62/2-github/aoc/AdventOfCode-2021/src/main/scala/adventofcode/solutions/Day2.scala:30:54: stale bloop error: value _3 is not a member of Map[String,Int]
        case "down"    => z:Map[String,Int] => (0,0, z._3+a.tail.head)
                                                     ^^^^[0m
2022.03.14 23:41:30 INFO  /home/us62/2-github/aoc/AdventOfCode-2021/src/main/scala/adventofcode/solutions/Day2.scala:28:68: stale bloop error: value _1 is not a member of Map[String,Int]
        case "forward" => z:Map[String,Int] => Map("horizontal" -> z._1 + a.tail.head,0,0)
                                                                   ^^^^[0m
2022.03.14 23:41:30 INFO  /home/us62/2-github/aoc/AdventOfCode-2021/src/main/scala/adventofcode/solutions/Day2.scala:28:87: stale bloop error: type mismatch;
 found   : Int(0)
 required: (?, ?)
        case "forward" => z:Map[String,Int] => Map("horizontal" -> z._1 + a.tail.head,0,0)
                                                                                      ^[0m
2022.03.14 23:41:30 INFO  /home/us62/2-github/aoc/AdventOfCode-2021/src/main/scala/adventofcode/solutions/Day2.scala:28:89: stale bloop error: type mismatch;
 found   : Int(0)
 required: (?, ?)
        case "forward" => z:Map[String,Int] => Map("horizontal" -> z._1 + a.tail.head,0,0)
                                                                                        ^[0m
2022.03.14 23:41:30 INFO  /home/us62/2-github/aoc/AdventOfCode-2021/src/main/scala/adventofcode/solutions/Day2.scala:29:54: stale bloop error: value _3 is not a member of Map[String,Int]
        case "up"      => z:Map[String,Int] => (0,0, z._3+a.tail.head)
                                                     ^^^^[0m
2022.03.14 23:41:30 INFO  /home/us62/2-github/aoc/AdventOfCode-2021/src/main/scala/adventofcode/solutions/Day2.scala:30:54: stale bloop error: value _3 is not a member of Map[String,Int]
        case "down"    => z:Map[String,Int] => (0,0, z._3+a.tail.head)
                                                     ^^^^[0m
2022.03.14 23:41:30 INFO  /home/us62/2-github/aoc/AdventOfCode-2021/src/main/scala/adventofcode/solutions/Day2.scala:28:68: stale bloop error: value _1 is not a member of Map[String,Int]
        case "forward" => z:Map[String,Int] => Map("horizontal" -> z._1 + a.tail.head,0,0)
                                                                   ^^^^[0m
2022.03.14 23:41:30 INFO  /home/us62/2-github/aoc/AdventOfCode-2021/src/main/scala/adventofcode/solutions/Day2.scala:28:87: stale bloop error: type mismatch;
 found   : Int(0)
 required: (?, ?)
        case "forward" => z:Map[String,Int] => Map("horizontal" -> z._1 + a.tail.head,0,0)
                                                                                      ^[0m
2022.03.14 23:41:30 INFO  /home/us62/2-github/aoc/AdventOfCode-2021/src/main/scala/adventofcode/solutions/Day2.scala:28:89: stale bloop error: type mismatch;
 found   : Int(0)
 required: (?, ?)
        case "forward" => z:Map[String,Int] => Map("horizontal" -> z._1 + a.tail.head,0,0)
                                                                                        ^[0m
2022.03.14 23:41:30 INFO  /home/us62/2-github/aoc/AdventOfCode-2021/src/main/scala/adventofcode/solutions/Day2.scala:29:54: stale bloop error: value _3 is not a member of Map[String,Int]
        case "up"      => z:Map[String,Int] => (0,0, z._3+a.tail.head)
                                                     ^^^^[0m
2022.03.14 23:41:30 INFO  /home/us62/2-github/aoc/AdventOfCode-2021/src/main/scala/adventofcode/solutions/Day2.scala:30:54: stale bloop error: value _3 is not a member of Map[String,Int]
        case "down"    => z:Map[String,Int] => (0,0, z._3+a.tail.head)
                                                     ^^^^[0m
2022.03.14 23:41:30 INFO  /home/us62/2-github/aoc/AdventOfCode-2021/src/main/scala/adventofcode/solutions/Day2.scala:28:68: stale bloop error: value _1 is not a member of Map[String,Int]
        case "forward" => z:Map[String,Int] => Map("horizontal" -> z._1 + a.tail.head,0,0)
                                                                   ^^^^[0m
2022.03.14 23:41:30 INFO  /home/us62/2-github/aoc/AdventOfCode-2021/src/main/scala/adventofcode/solutions/Day2.scala:28:87: stale bloop error: type mismatch;
 found   : Int(0)
 required: (?, ?)
        case "forward" => z:Map[String,Int] => Map("horizontal" -> z._1 + a.tail.head,0,0)
                                                                                      ^[0m
2022.03.14 23:41:30 INFO  /home/us62/2-github/aoc/AdventOfCode-2021/src/main/scala/adventofcode/solutions/Day2.scala:28:89: stale bloop error: type mismatch;
 found   : Int(0)
 required: (?, ?)
        case "forward" => z:Map[String,Int] => Map("horizontal" -> z._1 + a.tail.head,0,0)
                                                                                        ^[0m
2022.03.14 23:41:30 INFO  /home/us62/2-github/aoc/AdventOfCode-2021/src/main/scala/adventofcode/solutions/Day2.scala:29:54: stale bloop error: value _3 is not a member of Map[String,Int]
        case "up"      => z:Map[String,Int] => (0,0, z._3+a.tail.head)
                                                     ^^^^[0m
2022.03.14 23:41:30 INFO  /home/us62/2-github/aoc/AdventOfCode-2021/src/main/scala/adventofcode/solutions/Day2.scala:30:54: stale bloop error: value _3 is not a member of Map[String,Int]
        case "down"    => z:Map[String,Int] => (0,0, z._3+a.tail.head)
                                                     ^^^^[0m
2022.03.14 23:41:31 INFO  /home/us62/2-github/aoc/AdventOfCode-2021/src/main/scala/adventofcode/solutions/Day2.scala:28:68: stale bloop error: value _1 is not a member of Map[String,Int]
        case "forward" => z:Map[String,Int] => Map("horizontal" -> z._1 + a.tail.head,0,0)
                                                                   ^^^^[0m
2022.03.14 23:41:31 INFO  /home/us62/2-github/aoc/AdventOfCode-2021/src/main/scala/adventofcode/solutions/Day2.scala:28:87: stale bloop error: type mismatch;
 found   : Int(0)
 required: (?, ?)
        case "forward" => z:Map[String,Int] => Map("horizontal" -> z._1 + a.tail.head,0,0)
                                                                                      ^[0m
2022.03.14 23:41:31 INFO  /home/us62/2-github/aoc/AdventOfCode-2021/src/main/scala/adventofcode/solutions/Day2.scala:28:89: stale bloop error: type mismatch;
 found   : Int(0)
 required: (?, ?)
        case "forward" => z:Map[String,Int] => Map("horizontal" -> z._1 + a.tail.head,0,0)
                                                                                        ^[0m
2022.03.14 23:41:31 INFO  /home/us62/2-github/aoc/AdventOfCode-2021/src/main/scala/adventofcode/solutions/Day2.scala:29:54: stale bloop error: value _3 is not a member of Map[String,Int]
        case "up"      => z:Map[String,Int] => (0,0, z._3+a.tail.head)
                                                     ^^^^[0m
2022.03.14 23:41:31 INFO  /home/us62/2-github/aoc/AdventOfCode-2021/src/main/scala/adventofcode/solutions/Day2.scala:30:54: stale bloop error: value _3 is not a member of Map[String,Int]
        case "down"    => z:Map[String,Int] => (0,0, z._3+a.tail.head)
                                                     ^^^^[0m
2022.03.14 23:41:31 INFO  /home/us62/2-github/aoc/AdventOfCode-2021/src/main/scala/adventofcode/solutions/Day2.scala:28:68: stale bloop error: value _1 is not a member of Map[String,Int]
        case "forward" => z:Map[String,Int] => Map("horizontal" -> z._1 + a.tail.head,0,0)
                                                                   ^^^^[0m
2022.03.14 23:41:31 INFO  /home/us62/2-github/aoc/AdventOfCode-2021/src/main/scala/adventofcode/solutions/Day2.scala:28:87: stale bloop error: type mismatch;
 found   : Int(0)
 required: (?, ?)
        case "forward" => z:Map[String,Int] => Map("horizontal" -> z._1 + a.tail.head,0,0)
                                                                                      ^[0m
2022.03.14 23:41:31 INFO  /home/us62/2-github/aoc/AdventOfCode-2021/src/main/scala/adventofcode/solutions/Day2.scala:28:89: stale bloop error: type mismatch;
 found   : Int(0)
 required: (?, ?)
        case "forward" => z:Map[String,Int] => Map("horizontal" -> z._1 + a.tail.head,0,0)
                                                                                        ^[0m
2022.03.14 23:41:31 INFO  /home/us62/2-github/aoc/AdventOfCode-2021/src/main/scala/adventofcode/solutions/Day2.scala:29:54: stale bloop error: value _3 is not a member of Map[String,Int]
        case "up"      => z:Map[String,Int] => (0,0, z._3+a.tail.head)
                                                     ^^^^[0m
2022.03.14 23:41:31 INFO  /home/us62/2-github/aoc/AdventOfCode-2021/src/main/scala/adventofcode/solutions/Day2.scala:30:54: stale bloop error: value _3 is not a member of Map[String,Int]
        case "down"    => z:Map[String,Int] => (0,0, z._3+a.tail.head)
                                                     ^^^^[0m
2022.03.14 23:41:31 INFO  /home/us62/2-github/aoc/AdventOfCode-2021/src/main/scala/adventofcode/solutions/Day2.scala:28:68: stale bloop error: value _1 is not a member of Map[String,Int]
        case "forward" => z:Map[String,Int] => Map("horizontal" -> z._1 + a.tail.head,0,0)
                                                                   ^^^^[0m
2022.03.14 23:41:31 INFO  /home/us62/2-github/aoc/AdventOfCode-2021/src/main/scala/adventofcode/solutions/Day2.scala:28:87: stale bloop error: type mismatch;
 found   : Int(0)
 required: (?, ?)
        case "forward" => z:Map[String,Int] => Map("horizontal" -> z._1 + a.tail.head,0,0)
                                                                                      ^[0m
2022.03.14 23:41:31 INFO  /home/us62/2-github/aoc/AdventOfCode-2021/src/main/scala/adventofcode/solutions/Day2.scala:28:89: stale bloop error: type mismatch;
 found   : Int(0)
 required: (?, ?)
        case "forward" => z:Map[String,Int] => Map("horizontal" -> z._1 + a.tail.head,0,0)
                                                                                        ^[0m
2022.03.14 23:41:31 INFO  /home/us62/2-github/aoc/AdventOfCode-2021/src/main/scala/adventofcode/solutions/Day2.scala:29:54: stale bloop error: value _3 is not a member of Map[String,Int]
        case "up"      => z:Map[String,Int] => (0,0, z._3+a.tail.head)
                                                     ^^^^[0m
2022.03.14 23:41:31 INFO  /home/us62/2-github/aoc/AdventOfCode-2021/src/main/scala/adventofcode/solutions/Day2.scala:30:54: stale bloop error: value _3 is not a member of Map[String,Int]
        case "down"    => z:Map[String,Int] => (0,0, z._3+a.tail.head)
                                                     ^^^^[0m
2022.03.14 23:41:31 INFO  /home/us62/2-github/aoc/AdventOfCode-2021/src/main/scala/adventofcode/solutions/Day2.scala:28:68: stale bloop error: value _1 is not a member of Map[String,Int]
        case "forward" => z:Map[String,Int] => Map("horizontal" -> z._1 + a.tail.head,0,0)
                                                                   ^^^^[0m
2022.03.14 23:41:31 INFO  /home/us62/2-github/aoc/AdventOfCode-2021/src/main/scala/adventofcode/solutions/Day2.scala:28:87: stale bloop error: type mismatch;
 found   : Int(0)
 required: (?, ?)
        case "forward" => z:Map[String,Int] => Map("horizontal" -> z._1 + a.tail.head,0,0)
                                                                                      ^[0m
2022.03.14 23:41:31 INFO  /home/us62/2-github/aoc/AdventOfCode-2021/src/main/scala/adventofcode/solutions/Day2.scala:28:89: stale bloop error: type mismatch;
 found   : Int(0)
 required: (?, ?)
        case "forward" => z:Map[String,Int] => Map("horizontal" -> z._1 + a.tail.head,0,0)
                                                                                        ^[0m
2022.03.14 23:41:31 INFO  /home/us62/2-github/aoc/AdventOfCode-2021/src/main/scala/adventofcode/solutions/Day2.scala:29:54: stale bloop error: value _3 is not a member of Map[String,Int]
        case "up"      => z:Map[String,Int] => (0,0, z._3+a.tail.head)
                                                     ^^^^[0m
2022.03.14 23:41:31 INFO  /home/us62/2-github/aoc/AdventOfCode-2021/src/main/scala/adventofcode/solutions/Day2.scala:30:54: stale bloop error: value _3 is not a member of Map[String,Int]
        case "down"    => z:Map[String,Int] => (0,0, z._3+a.tail.head)
                                                     ^^^^[0m
2022.03.14 23:41:31 INFO  /home/us62/2-github/aoc/AdventOfCode-2021/src/main/scala/adventofcode/solutions/Day2.scala:28:68: stale bloop error: value _1 is not a member of Map[String,Int]
        case "forward" => z:Map[String,Int] => Map("horizontal" -> z._1 + a.tail.head,0,0)
                                                                   ^^^^[0m
2022.03.14 23:41:31 INFO  /home/us62/2-github/aoc/AdventOfCode-2021/src/main/scala/adventofcode/solutions/Day2.scala:28:87: stale bloop error: type mismatch;
 found   : Int(0)
 required: (?, ?)
        case "forward" => z:Map[String,Int] => Map("horizontal" -> z._1 + a.tail.head,0,0)
                                                                                      ^[0m
2022.03.14 23:41:31 INFO  /home/us62/2-github/aoc/AdventOfCode-2021/src/main/scala/adventofcode/solutions/Day2.scala:28:89: stale bloop error: type mismatch;
 found   : Int(0)
 required: (?, ?)
        case "forward" => z:Map[String,Int] => Map("horizontal" -> z._1 + a.tail.head,0,0)
                                                                                        ^[0m
2022.03.14 23:41:31 INFO  /home/us62/2-github/aoc/AdventOfCode-2021/src/main/scala/adventofcode/solutions/Day2.scala:29:54: stale bloop error: value _3 is not a member of Map[String,Int]
        case "up"      => z:Map[String,Int] => (0,0, z._3+a.tail.head)
                                                     ^^^^[0m
2022.03.14 23:41:31 INFO  /home/us62/2-github/aoc/AdventOfCode-2021/src/main/scala/adventofcode/solutions/Day2.scala:30:54: stale bloop error: value _3 is not a member of Map[String,Int]
        case "down"    => z:Map[String,Int] => (0,0, z._3+a.tail.head)
                                                     ^^^^[0m
2022.03.14 23:41:32 INFO  /home/us62/2-github/aoc/AdventOfCode-2021/src/main/scala/adventofcode/solutions/Day2.scala:28:68: stale bloop error: value _1 is not a member of Map[String,Int]
        case "forward" => z:Map[String,Int] => Map("horizontal" -> z._1 + a.tail.head,0,0)
                                                                   ^^^^[0m
2022.03.14 23:41:32 INFO  /home/us62/2-github/aoc/AdventOfCode-2021/src/main/scala/adventofcode/solutions/Day2.scala:28:87: stale bloop error: type mismatch;
 found   : Int(0)
 required: (?, ?)
        case "forward" => z:Map[String,Int] => Map("horizontal" -> z._1 + a.tail.head,0,0)
                                                                                      ^[0m
2022.03.14 23:41:32 INFO  /home/us62/2-github/aoc/AdventOfCode-2021/src/main/scala/adventofcode/solutions/Day2.scala:28:89: stale bloop error: type mismatch;
 found   : Int(0)
 required: (?, ?)
        case "forward" => z:Map[String,Int] => Map("horizontal" -> z._1 + a.tail.head,0,0)
                                                                                        ^[0m
2022.03.14 23:41:32 INFO  /home/us62/2-github/aoc/AdventOfCode-2021/src/main/scala/adventofcode/solutions/Day2.scala:29:54: stale bloop error: value _3 is not a member of Map[String,Int]
        case "up"      => z:Map[String,Int] => (0,0, z._3+a.tail.head)
                                                     ^^^^[0m
2022.03.14 23:41:32 INFO  /home/us62/2-github/aoc/AdventOfCode-2021/src/main/scala/adventofcode/solutions/Day2.scala:30:54: stale bloop error: value _3 is not a member of Map[String,Int]
        case "down"    => z:Map[String,Int] => (0,0, z._3+a.tail.head)
                                                     ^^^^[0m
2022.03.14 23:41:32 INFO  /home/us62/2-github/aoc/AdventOfCode-2021/src/main/scala/adventofcode/solutions/Day2.scala:28:68: stale bloop error: value _1 is not a member of Map[String,Int]
        case "forward" => z:Map[String,Int] => Map("horizontal" -> z._1 + a.tail.head,0,0)
                                                                   ^^^^[0m
2022.03.14 23:41:32 INFO  /home/us62/2-github/aoc/AdventOfCode-2021/src/main/scala/adventofcode/solutions/Day2.scala:28:87: stale bloop error: type mismatch;
 found   : Int(0)
 required: (?, ?)
        case "forward" => z:Map[String,Int] => Map("horizontal" -> z._1 + a.tail.head,0,0)
                                                                                      ^[0m
2022.03.14 23:41:32 INFO  /home/us62/2-github/aoc/AdventOfCode-2021/src/main/scala/adventofcode/solutions/Day2.scala:28:89: stale bloop error: type mismatch;
 found   : Int(0)
 required: (?, ?)
        case "forward" => z:Map[String,Int] => Map("horizontal" -> z._1 + a.tail.head,0,0)
                                                                                        ^[0m
2022.03.14 23:41:32 INFO  /home/us62/2-github/aoc/AdventOfCode-2021/src/main/scala/adventofcode/solutions/Day2.scala:29:54: stale bloop error: value _3 is not a member of Map[String,Int]
        case "up"      => z:Map[String,Int] => (0,0, z._3+a.tail.head)
                                                     ^^^^[0m
2022.03.14 23:41:32 INFO  /home/us62/2-github/aoc/AdventOfCode-2021/src/main/scala/adventofcode/solutions/Day2.scala:30:54: stale bloop error: value _3 is not a member of Map[String,Int]
        case "down"    => z:Map[String,Int] => (0,0, z._3+a.tail.head)
                                                     ^^^^[0m
2022.03.14 23:41:32 INFO  /home/us62/2-github/aoc/AdventOfCode-2021/src/main/scala/adventofcode/solutions/Day2.scala:28:68: stale bloop error: value _1 is not a member of Map[String,Int]
        case "forward" => z:Map[String,Int] => Map("horizontal" -> z._1 + a.tail.head,0,0)
                                                                   ^^^^[0m
2022.03.14 23:41:32 INFO  /home/us62/2-github/aoc/AdventOfCode-2021/src/main/scala/adventofcode/solutions/Day2.scala:28:87: stale bloop error: type mismatch;
 found   : Int(0)
 required: (?, ?)
        case "forward" => z:Map[String,Int] => Map("horizontal" -> z._1 + a.tail.head,0,0)
                                                                                      ^[0m
2022.03.14 23:41:32 INFO  /home/us62/2-github/aoc/AdventOfCode-2021/src/main/scala/adventofcode/solutions/Day2.scala:28:89: stale bloop error: type mismatch;
 found   : Int(0)
 required: (?, ?)
        case "forward" => z:Map[String,Int] => Map("horizontal" -> z._1 + a.tail.head,0,0)
                                                                                        ^[0m
2022.03.14 23:41:32 INFO  /home/us62/2-github/aoc/AdventOfCode-2021/src/main/scala/adventofcode/solutions/Day2.scala:29:54: stale bloop error: value _3 is not a member of Map[String,Int]
        case "up"      => z:Map[String,Int] => (0,0, z._3+a.tail.head)
                                                     ^^^^[0m
2022.03.14 23:41:32 INFO  /home/us62/2-github/aoc/AdventOfCode-2021/src/main/scala/adventofcode/solutions/Day2.scala:30:54: stale bloop error: value _3 is not a member of Map[String,Int]
        case "down"    => z:Map[String,Int] => (0,0, z._3+a.tail.head)
                                                     ^^^^[0m
2022.03.14 23:41:32 INFO  /home/us62/2-github/aoc/AdventOfCode-2021/src/main/scala/adventofcode/solutions/Day2.scala:28:68: stale bloop error: value _1 is not a member of Map[String,Int]
        case "forward" => z:Map[String,Int] => Map("horizontal" -> z._1 + a.tail.head,0,0)
                                                                   ^^^^[0m
2022.03.14 23:41:32 INFO  /home/us62/2-github/aoc/AdventOfCode-2021/src/main/scala/adventofcode/solutions/Day2.scala:28:87: stale bloop error: type mismatch;
 found   : Int(0)
 required: (?, ?)
        case "forward" => z:Map[String,Int] => Map("horizontal" -> z._1 + a.tail.head,0,0)
                                                                                      ^[0m
2022.03.14 23:41:32 INFO  /home/us62/2-github/aoc/AdventOfCode-2021/src/main/scala/adventofcode/solutions/Day2.scala:28:89: stale bloop error: type mismatch;
 found   : Int(0)
 required: (?, ?)
        case "forward" => z:Map[String,Int] => Map("horizontal" -> z._1 + a.tail.head,0,0)
                                                                                        ^[0m
2022.03.14 23:41:32 INFO  /home/us62/2-github/aoc/AdventOfCode-2021/src/main/scala/adventofcode/solutions/Day2.scala:29:54: stale bloop error: value _3 is not a member of Map[String,Int]
        case "up"      => z:Map[String,Int] => (0,0, z._3+a.tail.head)
                                                     ^^^^[0m
2022.03.14 23:41:32 INFO  /home/us62/2-github/aoc/AdventOfCode-2021/src/main/scala/adventofcode/solutions/Day2.scala:30:54: stale bloop error: value _3 is not a member of Map[String,Int]
        case "down"    => z:Map[String,Int] => (0,0, z._3+a.tail.head)
                                                     ^^^^[0m
2022.03.14 23:41:32 INFO  /home/us62/2-github/aoc/AdventOfCode-2021/src/main/scala/adventofcode/solutions/Day2.scala:28:68: stale bloop error: value _1 is not a member of Map[String,Int]
        case "forward" => z:Map[String,Int] => Map("horizontal" -> z._1 + a.tail.head,0,0)
                                                                   ^^^^[0m
2022.03.14 23:41:32 INFO  /home/us62/2-github/aoc/AdventOfCode-2021/src/main/scala/adventofcode/solutions/Day2.scala:28:87: stale bloop error: type mismatch;
 found   : Int(0)
 required: (?, ?)
        case "forward" => z:Map[String,Int] => Map("horizontal" -> z._1 + a.tail.head,0,0)
                                                                                      ^[0m
2022.03.14 23:41:32 INFO  /home/us62/2-github/aoc/AdventOfCode-2021/src/main/scala/adventofcode/solutions/Day2.scala:28:89: stale bloop error: type mismatch;
 found   : Int(0)
 required: (?, ?)
        case "forward" => z:Map[String,Int] => Map("horizontal" -> z._1 + a.tail.head,0,0)
                                                                                        ^[0m
2022.03.14 23:41:32 INFO  /home/us62/2-github/aoc/AdventOfCode-2021/src/main/scala/adventofcode/solutions/Day2.scala:29:54: stale bloop error: value _3 is not a member of Map[String,Int]
        case "up"      => z:Map[String,Int] => (0,0, z._3+a.tail.head)
                                                     ^^^^[0m
2022.03.14 23:41:32 INFO  /home/us62/2-github/aoc/AdventOfCode-2021/src/main/scala/adventofcode/solutions/Day2.scala:30:54: stale bloop error: value _3 is not a member of Map[String,Int]
        case "down"    => z:Map[String,Int] => (0,0, z._3+a.tail.head)
                                                     ^^^^[0m
2022.03.14 23:41:32 INFO  /home/us62/2-github/aoc/AdventOfCode-2021/src/main/scala/adventofcode/solutions/Day2.scala:28:68: stale bloop error: value _1 is not a member of Map[String,Int]
        case "forward" => z:Map[String,Int] => Map("horizontal" -> z._1 + a.tail.head,0,0)
                                                                   ^^^^[0m
2022.03.14 23:41:32 INFO  /home/us62/2-github/aoc/AdventOfCode-2021/src/main/scala/adventofcode/solutions/Day2.scala:28:87: stale bloop error: type mismatch;
 found   : Int(0)
 required: (?, ?)
        case "forward" => z:Map[String,Int] => Map("horizontal" -> z._1 + a.tail.head,0,0)
                                                                                      ^[0m
2022.03.14 23:41:32 INFO  /home/us62/2-github/aoc/AdventOfCode-2021/src/main/scala/adventofcode/solutions/Day2.scala:28:89: stale bloop error: type mismatch;
 found   : Int(0)
 required: (?, ?)
        case "forward" => z:Map[String,Int] => Map("horizontal" -> z._1 + a.tail.head,0,0)
                                                                                        ^[0m
2022.03.14 23:41:32 INFO  /home/us62/2-github/aoc/AdventOfCode-2021/src/main/scala/adventofcode/solutions/Day2.scala:29:54: stale bloop error: value _3 is not a member of Map[String,Int]
        case "up"      => z:Map[String,Int] => (0,0, z._3+a.tail.head)
                                                     ^^^^[0m
2022.03.14 23:41:32 INFO  /home/us62/2-github/aoc/AdventOfCode-2021/src/main/scala/adventofcode/solutions/Day2.scala:30:54: stale bloop error: value _3 is not a member of Map[String,Int]
        case "down"    => z:Map[String,Int] => (0,0, z._3+a.tail.head)
                                                     ^^^^[0m
2022.03.14 23:41:32 INFO  /home/us62/2-github/aoc/AdventOfCode-2021/src/main/scala/adventofcode/solutions/Day2.scala:28:68: stale bloop error: value _1 is not a member of Map[String,Int]
        case "forward" => z:Map[String,Int] => Map("horizontal" -> z._1 + a.tail.head,0,0)
                                                                   ^^^^[0m
2022.03.14 23:41:32 INFO  /home/us62/2-github/aoc/AdventOfCode-2021/src/main/scala/adventofcode/solutions/Day2.scala:28:87: stale bloop error: type mismatch;
 found   : Int(0)
 required: (?, ?)
        case "forward" => z:Map[String,Int] => Map("horizontal" -> z._1 + a.tail.head,0,0)
                                                                                      ^[0m
2022.03.14 23:41:32 INFO  /home/us62/2-github/aoc/AdventOfCode-2021/src/main/scala/adventofcode/solutions/Day2.scala:28:89: stale bloop error: type mismatch;
 found   : Int(0)
 required: (?, ?)
        case "forward" => z:Map[String,Int] => Map("horizontal" -> z._1 + a.tail.head,0,0)
                                                                                        ^[0m
2022.03.14 23:41:32 INFO  /home/us62/2-github/aoc/AdventOfCode-2021/src/main/scala/adventofcode/solutions/Day2.scala:29:54: stale bloop error: value _3 is not a member of Map[String,Int]
        case "up"      => z:Map[String,Int] => (0,0, z._3+a.tail.head)
                                                     ^^^^[0m
2022.03.14 23:41:32 INFO  /home/us62/2-github/aoc/AdventOfCode-2021/src/main/scala/adventofcode/solutions/Day2.scala:30:54: stale bloop error: value _3 is not a member of Map[String,Int]
        case "down"    => z:Map[String,Int] => (0,0, z._3+a.tail.head)
                                                     ^^^^[0m
2022.03.14 23:41:32 INFO  /home/us62/2-github/aoc/AdventOfCode-2021/src/main/scala/adventofcode/solutions/Day2.scala:28:68: stale bloop error: value _1 is not a member of Map[String,Int]
        case "forward" => z:Map[String,Int] => Map("horizontal" -> z._1 + a.tail.head,0,0)
                                                                   ^^^^[0m
2022.03.14 23:41:32 INFO  /home/us62/2-github/aoc/AdventOfCode-2021/src/main/scala/adventofcode/solutions/Day2.scala:28:87: stale bloop error: type mismatch;
 found   : Int(0)
 required: (?, ?)
        case "forward" => z:Map[String,Int] => Map("horizontal" -> z._1 + a.tail.head,0,0)
                                                                                      ^[0m
2022.03.14 23:41:32 INFO  /home/us62/2-github/aoc/AdventOfCode-2021/src/main/scala/adventofcode/solutions/Day2.scala:28:89: stale bloop error: type mismatch;
 found   : Int(0)
 required: (?, ?)
        case "forward" => z:Map[String,Int] => Map("horizontal" -> z._1 + a.tail.head,0,0)
                                                                                        ^[0m
2022.03.14 23:41:32 INFO  /home/us62/2-github/aoc/AdventOfCode-2021/src/main/scala/adventofcode/solutions/Day2.scala:29:54: stale bloop error: value _3 is not a member of Map[String,Int]
        case "up"      => z:Map[String,Int] => (0,0, z._3+a.tail.head)
                                                     ^^^^[0m
2022.03.14 23:41:32 INFO  /home/us62/2-github/aoc/AdventOfCode-2021/src/main/scala/adventofcode/solutions/Day2.scala:30:54: stale bloop error: value _3 is not a member of Map[String,Int]
        case "down"    => z:Map[String,Int] => (0,0, z._3+a.tail.head)
                                                     ^^^^[0m
2022.03.14 23:41:32 INFO  /home/us62/2-github/aoc/AdventOfCode-2021/src/main/scala/adventofcode/solutions/Day2.scala:28:68: stale bloop error: value _1 is not a member of Map[String,Int]
        case "forward" => z:Map[String,Int] => Map("horizontal" -> z._1 + a.tail.head,0,0)
                                                                   ^^^^[0m
2022.03.14 23:41:32 INFO  /home/us62/2-github/aoc/AdventOfCode-2021/src/main/scala/adventofcode/solutions/Day2.scala:28:87: stale bloop error: type mismatch;
 found   : Int(0)
 required: (?, ?)
        case "forward" => z:Map[String,Int] => Map("horizontal" -> z._1 + a.tail.head,0,0)
                                                                                      ^[0m
2022.03.14 23:41:32 INFO  /home/us62/2-github/aoc/AdventOfCode-2021/src/main/scala/adventofcode/solutions/Day2.scala:28:89: stale bloop error: type mismatch;
 found   : Int(0)
 required: (?, ?)
        case "forward" => z:Map[String,Int] => Map("horizontal" -> z._1 + a.tail.head,0,0)
                                                                                        ^[0m
2022.03.14 23:41:32 INFO  /home/us62/2-github/aoc/AdventOfCode-2021/src/main/scala/adventofcode/solutions/Day2.scala:29:54: stale bloop error: value _3 is not a member of Map[String,Int]
        case "up"      => z:Map[String,Int] => (0,0, z._3+a.tail.head)
                                                     ^^^^[0m
2022.03.14 23:41:32 INFO  /home/us62/2-github/aoc/AdventOfCode-2021/src/main/scala/adventofcode/solutions/Day2.scala:30:54: stale bloop error: value _3 is not a member of Map[String,Int]
        case "down"    => z:Map[String,Int] => (0,0, z._3+a.tail.head)
                                                     ^^^^[0m
2022.03.14 23:41:32 INFO  /home/us62/2-github/aoc/AdventOfCode-2021/src/main/scala/adventofcode/solutions/Day2.scala:28:68: stale bloop error: value _1 is not a member of Map[String,Int]
        case "forward" => z:Map[String,Int] => Map("horizontal" -> z._1 + a.tail.head,0,0)
                                                                   ^^^^[0m
2022.03.14 23:41:32 INFO  /home/us62/2-github/aoc/AdventOfCode-2021/src/main/scala/adventofcode/solutions/Day2.scala:28:87: stale bloop error: type mismatch;
 found   : Int(0)
 required: (?, ?)
        case "forward" => z:Map[String,Int] => Map("horizontal" -> z._1 + a.tail.head,0,0)
                                                                                      ^[0m
2022.03.14 23:41:32 INFO  /home/us62/2-github/aoc/AdventOfCode-2021/src/main/scala/adventofcode/solutions/Day2.scala:28:89: stale bloop error: type mismatch;
 found   : Int(0)
 required: (?, ?)
        case "forward" => z:Map[String,Int] => Map("horizontal" -> z._1 + a.tail.head,0,0)
                                                                                        ^[0m
2022.03.14 23:41:32 INFO  /home/us62/2-github/aoc/AdventOfCode-2021/src/main/scala/adventofcode/solutions/Day2.scala:29:54: stale bloop error: value _3 is not a member of Map[String,Int]
        case "up"      => z:Map[String,Int] => (0,0, z._3+a.tail.head)
                                                     ^^^^[0m
2022.03.14 23:41:32 INFO  /home/us62/2-github/aoc/AdventOfCode-2021/src/main/scala/adventofcode/solutions/Day2.scala:30:54: stale bloop error: value _3 is not a member of Map[String,Int]
        case "down"    => z:Map[String,Int] => (0,0, z._3+a.tail.head)
                                                     ^^^^[0m
2022.03.14 23:41:54 INFO  compiling root (1 scala source)[0m
2022.03.14 23:41:54 INFO  time: compiled root in 0.11s[0m
2022.03.14 23:42:29 INFO  compiling root (1 scala source)[0m
2022.03.14 23:42:29 INFO  time: compiled root in 0.57s[0m
2022.03.14 23:42:36 INFO  compiling root (1 scala source)[0m
2022.03.14 23:42:36 INFO  time: compiled root in 0.6s[0m
2022.03.14 23:43:11 INFO  compiling root (1 scala source)[0m
2022.03.14 23:43:11 INFO  time: compiled root in 0.64s[0m
2022.03.14 23:43:32 INFO  compiling root (1 scala source)[0m
2022.03.14 23:43:32 INFO  time: compiled root in 0.61s[0m
2022.03.14 23:44:54 ERROR scalafmt: /home/us62/2-github/aoc/AdventOfCode-2021/src/main/scala/adventofcode/solutions/Day2.scala:25: error: [dialect scala213] identifier expected but val found
  def function(op: String, val: Int){
                           ^[0m
2022.03.14 23:44:55 INFO  compiling root (1 scala source)[0m
2022.03.14 23:44:55 INFO  time: compiled root in 47ms[0m
2022.03.14 23:45:05 INFO  compiling root (1 scala source)[0m
2022.03.14 23:45:05 INFO  time: compiled root in 90ms[0m
2022.03.14 23:45:09 INFO  compiling root (1 scala source)[0m
2022.03.14 23:45:09 INFO  time: compiled root in 90ms[0m
2022.03.14 23:46:08 INFO  /home/us62/2-github/aoc/AdventOfCode-2021/src/main/scala/adventofcode/solutions/Day2.scala:26:5: stale bloop error: not found: value pass
    pass
    ^^^^[0m
2022.03.14 23:46:08 INFO  /home/us62/2-github/aoc/AdventOfCode-2021/src/main/scala/adventofcode/solutions/Day2.scala:26:5: stale bloop error: not found: value pass
    pass
    ^^^^[0m
2022.03.14 23:46:08 INFO  /home/us62/2-github/aoc/AdventOfCode-2021/src/main/scala/adventofcode/solutions/Day2.scala:26:5: stale bloop error: not found: value pass
    pass
    ^^^^[0m
2022.03.14 23:46:09 INFO  /home/us62/2-github/aoc/AdventOfCode-2021/src/main/scala/adventofcode/solutions/Day2.scala:26:5: stale bloop error: not found: value pass
    pass
    ^^^^[0m
2022.03.14 23:46:08 INFO  /home/us62/2-github/aoc/AdventOfCode-2021/src/main/scala/adventofcode/solutions/Day2.scala:26:5: stale bloop error: not found: value pass
    pass
    ^^^^[0m
2022.03.14 23:46:09 INFO  /home/us62/2-github/aoc/AdventOfCode-2021/src/main/scala/adventofcode/solutions/Day2.scala:26:5: stale bloop error: not found: value pass
    pass
    ^^^^[0m
2022.03.14 23:46:10 INFO  /home/us62/2-github/aoc/AdventOfCode-2021/src/main/scala/adventofcode/solutions/Day2.scala:26:5: stale bloop error: not found: value pass
    pass
    ^^^^[0m
2022.03.14 23:46:10 INFO  /home/us62/2-github/aoc/AdventOfCode-2021/src/main/scala/adventofcode/solutions/Day2.scala:26:5: stale bloop error: not found: value pass
    pass
    ^^^^[0m
2022.03.14 23:46:10 INFO  /home/us62/2-github/aoc/AdventOfCode-2021/src/main/scala/adventofcode/solutions/Day2.scala:26:5: stale bloop error: not found: value pass
    pass
    ^^^^[0m
2022.03.14 23:46:09 INFO  /home/us62/2-github/aoc/AdventOfCode-2021/src/main/scala/adventofcode/solutions/Day2.scala:26:5: stale bloop error: not found: value pass
    pass
    ^^^^[0m
2022.03.14 23:46:10 INFO  /home/us62/2-github/aoc/AdventOfCode-2021/src/main/scala/adventofcode/solutions/Day2.scala:26:5: stale bloop error: not found: value pass
    pass
    ^^^^[0m
2022.03.14 23:46:10 INFO  /home/us62/2-github/aoc/AdventOfCode-2021/src/main/scala/adventofcode/solutions/Day2.scala:26:5: stale bloop error: not found: value pass
    pass
    ^^^^[0m
2022.03.14 23:46:10 INFO  /home/us62/2-github/aoc/AdventOfCode-2021/src/main/scala/adventofcode/solutions/Day2.scala:26:5: stale bloop error: not found: value pass
    pass
    ^^^^[0m
2022.03.14 23:46:09 INFO  /home/us62/2-github/aoc/AdventOfCode-2021/src/main/scala/adventofcode/solutions/Day2.scala:26:5: stale bloop error: not found: value pass
    pass
    ^^^^[0m
2022.03.14 23:46:11 INFO  /home/us62/2-github/aoc/AdventOfCode-2021/src/main/scala/adventofcode/solutions/Day2.scala:26:5: stale bloop error: not found: value pass
    pass
    ^^^^[0m
2022.03.14 23:46:11 INFO  /home/us62/2-github/aoc/AdventOfCode-2021/src/main/scala/adventofcode/solutions/Day2.scala:26:5: stale bloop error: not found: value pass
    pass
    ^^^^[0m
2022.03.14 23:46:11 INFO  /home/us62/2-github/aoc/AdventOfCode-2021/src/main/scala/adventofcode/solutions/Day2.scala:26:5: stale bloop error: not found: value pass
    pass
    ^^^^[0m
2022.03.14 23:46:11 INFO  /home/us62/2-github/aoc/AdventOfCode-2021/src/main/scala/adventofcode/solutions/Day2.scala:26:5: stale bloop error: not found: value pass
    pass
    ^^^^[0m
2022.03.14 23:46:11 INFO  /home/us62/2-github/aoc/AdventOfCode-2021/src/main/scala/adventofcode/solutions/Day2.scala:26:5: stale bloop error: not found: value pass
    pass
    ^^^^[0m
2022.03.14 23:46:11 INFO  /home/us62/2-github/aoc/AdventOfCode-2021/src/main/scala/adventofcode/solutions/Day2.scala:26:5: stale bloop error: not found: value pass
    pass
    ^^^^[0m
2022.03.14 23:46:22 INFO  /home/us62/2-github/aoc/AdventOfCode-2021/src/main/scala/adventofcode/solutions/Day2.scala:26:5: stale bloop error: not found: value pass
    pass
    ^^^^[0m
2022.03.14 23:46:22 INFO  /home/us62/2-github/aoc/AdventOfCode-2021/src/main/scala/adventofcode/solutions/Day2.scala:26:5: stale bloop error: not found: value pass
    pass
    ^^^^[0m
2022.03.14 23:46:24 INFO  /home/us62/2-github/aoc/AdventOfCode-2021/src/main/scala/adventofcode/solutions/Day2.scala:26:5: stale bloop error: not found: value pass
    pass
    ^^^^[0m
2022.03.14 23:46:24 INFO  /home/us62/2-github/aoc/AdventOfCode-2021/src/main/scala/adventofcode/solutions/Day2.scala:26:5: stale bloop error: not found: value pass
    pass
    ^^^^[0m
2022.03.14 23:46:24 INFO  /home/us62/2-github/aoc/AdventOfCode-2021/src/main/scala/adventofcode/solutions/Day2.scala:26:5: stale bloop error: not found: value pass
    pass
    ^^^^[0m
2022.03.14 23:46:24 INFO  /home/us62/2-github/aoc/AdventOfCode-2021/src/main/scala/adventofcode/solutions/Day2.scala:26:5: stale bloop error: not found: value pass
    pass
    ^^^^[0m
2022.03.14 23:46:31 INFO  /home/us62/2-github/aoc/AdventOfCode-2021/src/main/scala/adventofcode/solutions/Day2.scala:26:5: stale bloop error: not found: value pass
    pass
    ^^^^[0m
2022.03.14 23:46:31 INFO  /home/us62/2-github/aoc/AdventOfCode-2021/src/main/scala/adventofcode/solutions/Day2.scala:26:5: stale bloop error: not found: value pass
    pass
    ^^^^[0m
2022.03.14 23:46:31 INFO  /home/us62/2-github/aoc/AdventOfCode-2021/src/main/scala/adventofcode/solutions/Day2.scala:26:5: stale bloop error: not found: value pass
    pass
    ^^^^[0m
2022.03.14 23:46:31 INFO  /home/us62/2-github/aoc/AdventOfCode-2021/src/main/scala/adventofcode/solutions/Day2.scala:26:5: stale bloop error: not found: value pass
    pass
    ^^^^[0m
2022.03.14 23:46:31 INFO  /home/us62/2-github/aoc/AdventOfCode-2021/src/main/scala/adventofcode/solutions/Day2.scala:26:5: stale bloop error: not found: value pass
    pass
    ^^^^[0m
2022.03.14 23:46:31 INFO  /home/us62/2-github/aoc/AdventOfCode-2021/src/main/scala/adventofcode/solutions/Day2.scala:26:5: stale bloop error: not found: value pass
    pass
    ^^^^[0m
2022.03.14 23:46:32 INFO  /home/us62/2-github/aoc/AdventOfCode-2021/src/main/scala/adventofcode/solutions/Day2.scala:26:5: stale bloop error: not found: value pass
    pass
    ^^^^[0m
2022.03.14 23:46:32 INFO  /home/us62/2-github/aoc/AdventOfCode-2021/src/main/scala/adventofcode/solutions/Day2.scala:26:5: stale bloop error: not found: value pass
    pass
    ^^^^[0m
2022.03.14 23:46:32 INFO  /home/us62/2-github/aoc/AdventOfCode-2021/src/main/scala/adventofcode/solutions/Day2.scala:26:5: stale bloop error: not found: value pass
    pass
    ^^^^[0m
2022.03.14 23:46:33 INFO  /home/us62/2-github/aoc/AdventOfCode-2021/src/main/scala/adventofcode/solutions/Day2.scala:26:5: stale bloop error: not found: value pass
    pass
    ^^^^[0m
2022.03.14 23:46:32 INFO  /home/us62/2-github/aoc/AdventOfCode-2021/src/main/scala/adventofcode/solutions/Day2.scala:26:5: stale bloop error: not found: value pass
    pass
    ^^^^[0m
2022.03.14 23:46:32 INFO  /home/us62/2-github/aoc/AdventOfCode-2021/src/main/scala/adventofcode/solutions/Day2.scala:26:5: stale bloop error: not found: value pass
    pass
    ^^^^[0m
2022.03.14 23:46:32 INFO  /home/us62/2-github/aoc/AdventOfCode-2021/src/main/scala/adventofcode/solutions/Day2.scala:26:5: stale bloop error: not found: value pass
    pass
    ^^^^[0m
2022.03.14 23:46:32 INFO  /home/us62/2-github/aoc/AdventOfCode-2021/src/main/scala/adventofcode/solutions/Day2.scala:26:5: stale bloop error: not found: value pass
    pass
    ^^^^[0m
2022.03.14 23:46:32 INFO  /home/us62/2-github/aoc/AdventOfCode-2021/src/main/scala/adventofcode/solutions/Day2.scala:26:5: stale bloop error: not found: value pass
    pass
    ^^^^[0m
2022.03.14 23:46:33 INFO  /home/us62/2-github/aoc/AdventOfCode-2021/src/main/scala/adventofcode/solutions/Day2.scala:26:5: stale bloop error: not found: value pass
    pass
    ^^^^[0m
2022.03.14 23:46:33 INFO  /home/us62/2-github/aoc/AdventOfCode-2021/src/main/scala/adventofcode/solutions/Day2.scala:26:5: stale bloop error: not found: value pass
    pass
    ^^^^[0m
2022.03.14 23:46:33 INFO  /home/us62/2-github/aoc/AdventOfCode-2021/src/main/scala/adventofcode/solutions/Day2.scala:26:5: stale bloop error: not found: value pass
    pass
    ^^^^[0m
2022.03.14 23:47:16 INFO  compiling root (1 scala source)[0m
2022.03.14 23:47:16 INFO  time: compiled root in 43ms[0m
Mar 14, 2022 11:48:13 PM scala.meta.internal.pc.CompletionProvider expected$1
WARNING: Cannot invoke "scala.reflect.internal.Types$Type.decls()" because the return value of "scala.reflect.internal.Trees$Tree.tpe()" is null
2022.03.14 23:48:17 INFO  compiling root (1 scala source)[0m
2022.03.14 23:48:17 INFO  time: compiled root in 48ms[0m
2022.03.14 23:48:34 INFO  compiling root (1 scala source)[0m
2022.03.14 23:48:34 WARN  there was one deprecation warning (since 2.13.0); re-run with -deprecation for details[0m
2022.03.14 23:48:34 INFO  time: compiled root in 0.73s[0m
2022.03.14 23:49:51 INFO  compiling root (1 scala source)[0m
2022.03.14 23:49:51 WARN  there was one deprecation warning (since 2.13.0); re-run with -deprecation for details[0m
2022.03.14 23:49:51 INFO  time: compiled root in 0.66s[0m
2022.03.14 23:50:18 INFO  compiling root (1 scala source)[0m
2022.03.14 23:50:18 WARN  there was one deprecation warning (since 2.13.0); re-run with -deprecation for details[0m
2022.03.14 23:50:18 INFO  time: compiled root in 0.97s[0m
2022.03.14 23:50:24 INFO  compiling root (1 scala source)[0m
2022.03.14 23:50:24 INFO  time: compiled root in 93ms[0m
2022.03.14 23:50:28 INFO  compiling root (1 scala source)[0m
2022.03.14 23:50:28 WARN  there was one deprecation warning (since 2.13.0); re-run with -deprecation for details[0m
2022.03.14 23:50:28 INFO  time: compiled root in 0.65s[0m
2022.03.14 23:50:41 INFO  compiling root (1 scala source)[0m
2022.03.14 23:50:41 WARN  there was one deprecation warning (since 2.13.0); re-run with -deprecation for details[0m
2022.03.14 23:50:41 INFO  time: compiled root in 0.64s[0m
2022.03.14 23:50:48 INFO  compiling root (1 scala source)[0m
2022.03.14 23:50:48 WARN  there was one deprecation warning (since 2.13.0); re-run with -deprecation for details[0m
2022.03.14 23:50:48 INFO  time: compiled root in 0.63s[0m
2022.03.14 23:50:52 INFO  compiling root (1 scala source)[0m
2022.03.14 23:50:52 WARN  there was one deprecation warning (since 2.13.0); re-run with -deprecation for details[0m
2022.03.14 23:50:52 INFO  time: compiled root in 0.64s[0m
2022.03.14 23:51:25 INFO  compiling root (1 scala source)[0m
2022.03.14 23:51:25 WARN  there was one deprecation warning (since 2.13.0); re-run with -deprecation for details[0m
2022.03.14 23:51:25 INFO  time: compiled root in 0.68s[0m
2022.03.14 23:55:00 INFO  compiling root (1 scala source)[0m
2022.03.14 23:55:00 INFO  time: compiled root in 44ms[0m
2022.03.14 23:57:36 INFO  compiling root (1 scala source)[0m
2022.03.14 23:57:36 INFO  time: compiled root in 0.1s[0m
2022.03.14 23:57:59 INFO  compiling root (1 scala source)[0m
2022.03.14 23:57:59 INFO  time: compiled root in 91ms[0m
2022.03.14 23:58:35 INFO  compiling root (1 scala source)[0m
2022.03.14 23:58:35 INFO  time: compiled root in 0.68s[0m
2022.03.14 23:58:45 INFO  compiling root (1 scala source)[0m
2022.03.14 23:58:45 INFO  time: compiled root in 0.88s[0m
2022.03.14 23:58:54 INFO  compiling root (1 scala source)[0m
2022.03.14 23:58:54 INFO  time: compiled root in 0.68s[0m
2022.03.14 23:59:32 INFO  compiling root (1 scala source)[0m
2022.03.14 23:59:32 INFO  time: compiled root in 0.67s[0m
2022.03.14 23:59:44 INFO  compiling root (1 scala source)[0m
2022.03.14 23:59:44 INFO  time: compiled root in 0.65s[0m
2022.03.15 00:01:23 INFO  compiling root (1 scala source)[0m
2022.03.15 00:01:23 INFO  time: compiled root in 0.67s[0m
2022.03.15 00:01:28 INFO  compiling root (1 scala source)[0m
2022.03.15 00:01:28 INFO  time: compiled root in 0.68s[0m
2022.03.15 00:01:34 INFO  compiling root (1 scala source)[0m
2022.03.15 00:01:34 INFO  time: compiled root in 96ms[0m
2022.03.15 00:01:40 INFO  compiling root (1 scala source)[0m
2022.03.15 00:01:40 INFO  time: compiled root in 0.65s[0m
2022.03.15 00:03:16 INFO  compiling root (1 scala source)[0m
2022.03.15 00:03:16 INFO  time: compiled root in 0.62s[0m
2022.03.15 00:04:32 WARN  no build target for: /home/us62/2-github/aoc/AdventOfCode-2021/project/metals.sbt[0m
